2023/11/13 13:22:03 [notice] 1#1: using the "epoll" event method
2023/11/13 13:22:03 [notice] 1#1: nginx/1.20.2
2023/11/13 13:22:03 [notice] 1#1: built by gcc 10.2.1 20210110 (Debian 10.2.1-6) 
2023/11/13 13:22:03 [notice] 1#1: OS: Linux 6.5.0-10-generic
2023/11/13 13:22:03 [notice] 1#1: getrlimit(RLIMIT_NOFILE): 1048576:1048576
2023/11/13 13:22:03 [notice] 1#1: start worker processes
2023/11/13 13:22:03 [notice] 1#1: start worker process 30
2023/11/13 13:22:03 [notice] 1#1: start worker process 31
2023/11/13 13:22:03 [notice] 1#1: start worker process 32
2023/11/13 13:22:03 [notice] 1#1: start worker process 33
2023/11/13 13:22:03 [notice] 1#1: start worker process 34
2023/11/13 13:22:03 [notice] 1#1: start worker process 35
2023/11/13 13:22:03 [notice] 1#1: start worker process 36
2023/11/13 13:22:03 [notice] 1#1: start worker process 37
2023/11/13 13:22:03 [notice] 1#1: start worker process 38
2023/11/13 13:22:03 [notice] 1#1: start worker process 39
2023/11/13 13:22:03 [notice] 1#1: start worker process 40
2023/11/13 13:22:03 [notice] 1#1: start worker process 41
2023/11/13 13:22:44 [error] 31#31: *1 open() "/var/www/html/favicon.ico" failed (2: No such file or directory), client: 172.19.0.1, server: , request: "GET /favicon.ico HTTP/1.1", host: "localhost:8080", referrer: "http://localhost:8080/"
2023/11/13 13:24:36 [notice] 1#1: signal 3 (SIGQUIT) received, shutting down
2023/11/13 13:24:36 [notice] 31#31: gracefully shutting down
2023/11/13 13:24:36 [notice] 30#30: gracefully shutting down
2023/11/13 13:24:36 [notice] 32#32: gracefully shutting down
2023/11/13 13:24:36 [notice] 33#33: gracefully shutting down
2023/11/13 13:24:36 [notice] 34#34: gracefully shutting down
2023/11/13 13:24:36 [notice] 35#35: gracefully shutting down
2023/11/13 13:24:36 [notice] 36#36: gracefully shutting down
2023/11/13 13:24:36 [notice] 31#31: exiting
2023/11/13 13:24:36 [notice] 30#30: exiting
2023/11/13 13:24:36 [notice] 32#32: exiting
2023/11/13 13:24:36 [notice] 33#33: exiting
2023/11/13 13:24:36 [notice] 37#37: gracefully shutting down
2023/11/13 13:24:36 [notice] 34#34: exiting
2023/11/13 13:24:36 [notice] 35#35: exiting
2023/11/13 13:24:36 [notice] 36#36: exiting
2023/11/13 13:24:36 [notice] 37#37: exiting
2023/11/13 13:24:36 [notice] 31#31: exit
2023/11/13 13:24:36 [notice] 32#32: exit
2023/11/13 13:24:36 [notice] 35#35: exit
2023/11/13 13:24:36 [notice] 30#30: exit
2023/11/13 13:24:36 [notice] 33#33: exit
2023/11/13 13:24:36 [notice] 34#34: exit
2023/11/13 13:24:36 [notice] 36#36: exit
2023/11/13 13:24:36 [notice] 37#37: exit
2023/11/13 13:24:36 [notice] 41#41: gracefully shutting down
2023/11/13 13:24:36 [notice] 38#38: gracefully shutting down
2023/11/13 13:24:36 [notice] 41#41: exiting
2023/11/13 13:24:36 [notice] 38#38: exiting
2023/11/13 13:24:36 [notice] 41#41: exit
2023/11/13 13:24:36 [notice] 38#38: exit
2023/11/13 13:24:36 [notice] 39#39: gracefully shutting down
2023/11/13 13:24:36 [notice] 39#39: exiting
2023/11/13 13:24:36 [notice] 39#39: exit
2023/11/13 13:24:36 [notice] 40#40: gracefully shutting down
2023/11/13 13:24:36 [notice] 40#40: exiting
2023/11/13 13:24:36 [notice] 40#40: exit
2023/11/13 13:24:36 [notice] 1#1: signal 17 (SIGCHLD) received from 35
2023/11/13 13:24:36 [notice] 1#1: worker process 30 exited with code 0
2023/11/13 13:24:36 [notice] 1#1: worker process 31 exited with code 0
2023/11/13 13:24:36 [notice] 1#1: worker process 34 exited with code 0
2023/11/13 13:24:36 [notice] 1#1: worker process 35 exited with code 0
2023/11/13 13:24:36 [notice] 1#1: signal 29 (SIGIO) received
2023/11/13 13:24:36 [notice] 1#1: signal 17 (SIGCHLD) received from 31
2023/11/13 13:24:36 [notice] 1#1: signal 17 (SIGCHLD) received from 39
2023/11/13 13:24:36 [notice] 1#1: worker process 33 exited with code 0
2023/11/13 13:24:36 [notice] 1#1: worker process 36 exited with code 0
2023/11/13 13:24:36 [notice] 1#1: worker process 37 exited with code 0
2023/11/13 13:24:36 [notice] 1#1: worker process 39 exited with code 0
2023/11/13 13:24:36 [notice] 1#1: worker process 40 exited with code 0
2023/11/13 13:24:36 [notice] 1#1: signal 29 (SIGIO) received
2023/11/13 13:24:36 [notice] 1#1: signal 17 (SIGCHLD) received from 36
2023/11/13 13:24:36 [notice] 1#1: signal 17 (SIGCHLD) received from 38
2023/11/13 13:24:36 [notice] 1#1: worker process 38 exited with code 0
2023/11/13 13:24:36 [notice] 1#1: signal 29 (SIGIO) received
2023/11/13 13:24:36 [notice] 1#1: signal 17 (SIGCHLD) received from 32
2023/11/13 13:24:36 [notice] 1#1: worker process 32 exited with code 0
2023/11/13 13:24:36 [notice] 1#1: signal 29 (SIGIO) received
2023/11/13 13:24:36 [notice] 1#1: signal 17 (SIGCHLD) received from 41
2023/11/13 13:24:36 [notice] 1#1: worker process 41 exited with code 0
2023/11/13 13:24:36 [notice] 1#1: exit
2023/11/13 13:28:15 [notice] 1#1: using the "epoll" event method
2023/11/13 13:28:15 [notice] 1#1: nginx/1.20.2
2023/11/13 13:28:15 [notice] 1#1: built by gcc 10.2.1 20210110 (Debian 10.2.1-6) 
2023/11/13 13:28:15 [notice] 1#1: OS: Linux 6.5.0-10-generic
2023/11/13 13:28:15 [notice] 1#1: getrlimit(RLIMIT_NOFILE): 1048576:1048576
2023/11/13 13:28:15 [notice] 1#1: start worker processes
2023/11/13 13:28:15 [notice] 1#1: start worker process 30
2023/11/13 13:28:15 [notice] 1#1: start worker process 31
2023/11/13 13:28:15 [notice] 1#1: start worker process 32
2023/11/13 13:28:15 [notice] 1#1: start worker process 33
2023/11/13 13:28:15 [notice] 1#1: start worker process 34
2023/11/13 13:28:15 [notice] 1#1: start worker process 35
2023/11/13 13:28:15 [notice] 1#1: start worker process 36
2023/11/13 13:28:15 [notice] 1#1: start worker process 37
2023/11/13 13:28:15 [notice] 1#1: start worker process 38
2023/11/13 13:28:15 [notice] 1#1: start worker process 39
2023/11/13 13:28:15 [notice] 1#1: start worker process 40
2023/11/13 13:28:15 [notice] 1#1: start worker process 41
2023/11/13 14:34:20 [notice] 1#1: signal 3 (SIGQUIT) received, shutting down
2023/11/13 14:34:20 [notice] 35#35: gracefully shutting down
2023/11/13 14:34:20 [notice] 34#34: gracefully shutting down
2023/11/13 14:34:20 [notice] 36#36: gracefully shutting down
2023/11/13 14:34:20 [notice] 39#39: gracefully shutting down
2023/11/13 14:34:20 [notice] 41#41: gracefully shutting down
2023/11/13 14:34:20 [notice] 37#37: gracefully shutting down
2023/11/13 14:34:20 [notice] 34#34: exiting
2023/11/13 14:34:20 [notice] 33#33: gracefully shutting down
2023/11/13 14:34:20 [notice] 38#38: gracefully shutting down
2023/11/13 14:34:20 [notice] 35#35: exiting
2023/11/13 14:34:20 [notice] 40#40: gracefully shutting down
2023/11/13 14:34:20 [notice] 36#36: exiting
2023/11/13 14:34:20 [notice] 33#33: exiting
2023/11/13 14:34:20 [notice] 41#41: exiting
2023/11/13 14:34:20 [notice] 38#38: exiting
2023/11/13 14:34:20 [notice] 37#37: exiting
2023/11/13 14:34:20 [notice] 40#40: exiting
2023/11/13 14:34:20 [notice] 40#40: exit
2023/11/13 14:34:20 [notice] 37#37: exit
2023/11/13 14:34:20 [notice] 38#38: exit
2023/11/13 14:34:20 [notice] 34#34: exit
2023/11/13 14:34:20 [notice] 41#41: exit
2023/11/13 14:34:20 [notice] 39#39: exiting
2023/11/13 14:34:20 [notice] 39#39: exit
2023/11/13 14:34:20 [notice] 32#32: gracefully shutting down
2023/11/13 14:34:20 [notice] 31#31: gracefully shutting down
2023/11/13 14:34:20 [notice] 30#30: gracefully shutting down
2023/11/13 14:34:20 [notice] 33#33: exit
2023/11/13 14:34:20 [notice] 35#35: exit
2023/11/13 14:34:20 [notice] 36#36: exit
2023/11/13 14:34:20 [notice] 32#32: exiting
2023/11/13 14:34:20 [notice] 32#32: exit
2023/11/13 14:34:20 [notice] 30#30: exiting
2023/11/13 14:34:20 [notice] 31#31: exiting
2023/11/13 14:34:20 [notice] 31#31: exit
2023/11/13 14:34:20 [notice] 30#30: exit
2023/11/13 14:34:20 [notice] 1#1: signal 17 (SIGCHLD) received from 31
2023/11/13 14:34:20 [notice] 1#1: worker process 30 exited with code 0
2023/11/13 14:34:20 [notice] 1#1: worker process 31 exited with code 0
2023/11/13 14:34:20 [notice] 1#1: signal 29 (SIGIO) received
2023/11/13 14:34:20 [notice] 1#1: signal 17 (SIGCHLD) received from 30
2023/11/13 14:34:20 [notice] 1#1: signal 17 (SIGCHLD) received from 40
2023/11/13 14:34:20 [notice] 1#1: worker process 32 exited with code 0
2023/11/13 14:34:20 [notice] 1#1: worker process 39 exited with code 0
2023/11/13 14:34:20 [notice] 1#1: worker process 40 exited with code 0
2023/11/13 14:34:20 [notice] 1#1: signal 29 (SIGIO) received
2023/11/13 14:34:20 [notice] 1#1: signal 17 (SIGCHLD) received from 36
2023/11/13 14:34:20 [notice] 1#1: worker process 33 exited with code 0
2023/11/13 14:34:20 [notice] 1#1: worker process 36 exited with code 0
2023/11/13 14:34:20 [notice] 1#1: signal 29 (SIGIO) received
2023/11/13 14:34:20 [notice] 1#1: signal 17 (SIGCHLD) received from 33
2023/11/13 14:34:20 [notice] 1#1: signal 17 (SIGCHLD) received from 38
2023/11/13 14:34:20 [notice] 1#1: worker process 38 exited with code 0
2023/11/13 14:34:20 [notice] 1#1: signal 29 (SIGIO) received
2023/11/13 14:34:20 [notice] 1#1: signal 17 (SIGCHLD) received from 37
2023/11/13 14:34:20 [notice] 1#1: worker process 37 exited with code 0
2023/11/13 14:34:20 [notice] 1#1: worker process 35 exited with code 0
2023/11/13 14:34:20 [notice] 1#1: signal 29 (SIGIO) received
2023/11/13 14:34:20 [notice] 1#1: signal 17 (SIGCHLD) received from 35
2023/11/13 14:34:20 [notice] 1#1: signal 17 (SIGCHLD) received from 41
2023/11/13 14:34:20 [notice] 1#1: worker process 41 exited with code 0
2023/11/13 14:34:20 [notice] 1#1: signal 17 (SIGCHLD) received from 34
2023/11/13 14:34:20 [notice] 1#1: worker process 34 exited with code 0
2023/11/13 14:34:20 [notice] 1#1: exit
2023/11/14 10:03:31 [notice] 1#1: using the "epoll" event method
2023/11/14 10:03:31 [notice] 1#1: nginx/1.20.2
2023/11/14 10:03:31 [notice] 1#1: built by gcc 10.2.1 20210110 (Debian 10.2.1-6) 
2023/11/14 10:03:31 [notice] 1#1: OS: Linux 6.5.0-10-generic
2023/11/14 10:03:31 [notice] 1#1: getrlimit(RLIMIT_NOFILE): 1048576:1048576
2023/11/14 10:03:31 [notice] 1#1: start worker processes
2023/11/14 10:03:31 [notice] 1#1: start worker process 30
2023/11/14 10:03:31 [notice] 1#1: start worker process 31
2023/11/14 10:03:31 [notice] 1#1: start worker process 32
2023/11/14 10:03:31 [notice] 1#1: start worker process 33
2023/11/14 10:03:31 [notice] 1#1: start worker process 34
2023/11/14 10:03:31 [notice] 1#1: start worker process 35
2023/11/14 10:03:31 [notice] 1#1: start worker process 36
2023/11/14 10:03:31 [notice] 1#1: start worker process 37
2023/11/14 10:03:31 [notice] 1#1: start worker process 38
2023/11/14 10:03:31 [notice] 1#1: start worker process 39
2023/11/14 10:03:31 [notice] 1#1: start worker process 40
2023/11/14 10:03:31 [notice] 1#1: start worker process 41
2023/11/14 10:05:06 [error] 30#30: *3 open() "/var/www/html/favicon.ico" failed (2: No such file or directory), client: 172.19.0.1, server: , request: "GET /favicon.ico HTTP/1.1", host: "localhost:8080", referrer: "http://localhost:8080/"
2023/11/14 10:12:09 [error] 30#30: *5 open() "/var/www/html/favicon.ico" failed (2: No such file or directory), client: 172.19.0.1, server: , request: "GET /favicon.ico HTTP/1.1", host: "localhost:8080", referrer: "http://localhost:8080/"
2023/11/14 11:12:31 [notice] 1#1: signal 3 (SIGQUIT) received, shutting down
2023/11/14 11:12:31 [notice] 30#30: gracefully shutting down
2023/11/14 11:12:31 [notice] 36#36: gracefully shutting down
2023/11/14 11:12:31 [notice] 37#37: gracefully shutting down
2023/11/14 11:12:31 [notice] 38#38: gracefully shutting down
2023/11/14 11:12:31 [notice] 35#35: gracefully shutting down
2023/11/14 11:12:31 [notice] 36#36: exiting
2023/11/14 11:12:31 [notice] 39#39: gracefully shutting down
2023/11/14 11:12:31 [notice] 37#37: exiting
2023/11/14 11:12:31 [notice] 40#40: gracefully shutting down
2023/11/14 11:12:31 [notice] 38#38: exiting
2023/11/14 11:12:31 [notice] 41#41: gracefully shutting down
2023/11/14 11:12:31 [notice] 35#35: exiting
2023/11/14 11:12:31 [notice] 39#39: exiting
2023/11/14 11:12:31 [notice] 40#40: exiting
2023/11/14 11:12:31 [notice] 41#41: exiting
2023/11/14 11:12:31 [notice] 35#35: exit
2023/11/14 11:12:31 [notice] 39#39: exit
2023/11/14 11:12:31 [notice] 41#41: exit
2023/11/14 11:12:31 [notice] 40#40: exit
2023/11/14 11:12:31 [notice] 34#34: gracefully shutting down
2023/11/14 11:12:31 [notice] 34#34: exiting
2023/11/14 11:12:31 [notice] 34#34: exit
2023/11/14 11:12:31 [notice] 33#33: gracefully shutting down
2023/11/14 11:12:31 [notice] 38#38: exit
2023/11/14 11:12:31 [notice] 36#36: exit
2023/11/14 11:12:31 [notice] 33#33: exiting
2023/11/14 11:12:31 [notice] 30#30: exiting
2023/11/14 11:12:31 [notice] 30#30: exit
2023/11/14 11:12:31 [notice] 33#33: exit
2023/11/14 11:12:31 [notice] 37#37: exit
2023/11/14 11:12:31 [notice] 31#31: gracefully shutting down
2023/11/14 11:12:31 [notice] 32#32: gracefully shutting down
2023/11/14 11:12:31 [notice] 32#32: exiting
2023/11/14 11:12:31 [notice] 32#32: exit
2023/11/14 11:12:31 [notice] 31#31: exiting
2023/11/14 11:12:31 [notice] 31#31: exit
2023/11/14 11:12:31 [notice] 1#1: signal 17 (SIGCHLD) received from 41
2023/11/14 11:12:31 [notice] 1#1: worker process 30 exited with code 0
2023/11/14 11:12:31 [notice] 1#1: worker process 37 exited with code 0
2023/11/14 11:12:31 [notice] 1#1: worker process 41 exited with code 0
2023/11/14 11:12:31 [notice] 1#1: signal 29 (SIGIO) received
2023/11/14 11:12:31 [notice] 1#1: signal 17 (SIGCHLD) received from 39
2023/11/14 11:12:31 [notice] 1#1: worker process 32 exited with code 0
2023/11/14 11:12:31 [notice] 1#1: worker process 36 exited with code 0
2023/11/14 11:12:31 [notice] 1#1: worker process 39 exited with code 0
2023/11/14 11:12:31 [notice] 1#1: signal 29 (SIGIO) received
2023/11/14 11:12:31 [notice] 1#1: signal 17 (SIGCHLD) received from 32
2023/11/14 11:12:31 [notice] 1#1: signal 17 (SIGCHLD) received from 35
2023/11/14 11:12:31 [notice] 1#1: worker process 35 exited with code 0
2023/11/14 11:12:31 [notice] 1#1: worker process 31 exited with code 0
2023/11/14 11:12:31 [notice] 1#1: signal 29 (SIGIO) received
2023/11/14 11:12:31 [notice] 1#1: signal 17 (SIGCHLD) received from 31
2023/11/14 11:12:31 [notice] 1#1: signal 17 (SIGCHLD) received from 40
2023/11/14 11:12:31 [notice] 1#1: worker process 38 exited with code 0
2023/11/14 11:12:31 [notice] 1#1: worker process 40 exited with code 0
2023/11/14 11:12:31 [notice] 1#1: worker process 34 exited with code 0
2023/11/14 11:12:31 [notice] 1#1: signal 29 (SIGIO) received
2023/11/14 11:12:31 [notice] 1#1: signal 17 (SIGCHLD) received from 38
2023/11/14 11:12:31 [notice] 1#1: signal 17 (SIGCHLD) received from 33
2023/11/14 11:12:31 [notice] 1#1: worker process 33 exited with code 0
2023/11/14 11:12:31 [notice] 1#1: exit
2023/11/14 11:12:33 [notice] 1#1: using the "epoll" event method
2023/11/14 11:12:33 [notice] 1#1: nginx/1.20.2
2023/11/14 11:12:33 [notice] 1#1: built by gcc 10.2.1 20210110 (Debian 10.2.1-6) 
2023/11/14 11:12:33 [notice] 1#1: OS: Linux 6.5.0-10-generic
2023/11/14 11:12:33 [notice] 1#1: getrlimit(RLIMIT_NOFILE): 1048576:1048576
2023/11/14 11:12:33 [notice] 1#1: start worker processes
2023/11/14 11:12:33 [notice] 1#1: start worker process 30
2023/11/14 11:12:33 [notice] 1#1: start worker process 31
2023/11/14 11:12:33 [notice] 1#1: start worker process 32
2023/11/14 11:12:33 [notice] 1#1: start worker process 33
2023/11/14 11:12:33 [notice] 1#1: start worker process 34
2023/11/14 11:12:33 [notice] 1#1: start worker process 35
2023/11/14 11:12:33 [notice] 1#1: start worker process 36
2023/11/14 11:12:33 [notice] 1#1: start worker process 37
2023/11/14 11:12:33 [notice] 1#1: start worker process 38
2023/11/14 11:12:33 [notice] 1#1: start worker process 39
2023/11/14 11:12:33 [notice] 1#1: start worker process 40
2023/11/14 11:12:33 [notice] 1#1: start worker process 41
2023/11/14 11:12:51 [error] 30#30: *1 open() "/var/www/html/variavle" failed (2: No such file or directory), client: 172.19.0.1, server: , request: "GET /variavle HTTP/1.1", host: "localhost:8080"
2023/11/14 11:14:15 [notice] 1#1: signal 3 (SIGQUIT) received, shutting down
2023/11/14 11:14:15 [notice] 30#30: gracefully shutting down
2023/11/14 11:14:15 [notice] 31#31: gracefully shutting down
2023/11/14 11:14:15 [notice] 32#32: gracefully shutting down
2023/11/14 11:14:15 [notice] 30#30: exiting
2023/11/14 11:14:15 [notice] 33#33: gracefully shutting down
2023/11/14 11:14:15 [notice] 31#31: exiting
2023/11/14 11:14:15 [notice] 34#34: gracefully shutting down
2023/11/14 11:14:15 [notice] 32#32: exiting
2023/11/14 11:14:15 [notice] 33#33: exiting
2023/11/14 11:14:15 [notice] 35#35: gracefully shutting down
2023/11/14 11:14:15 [notice] 34#34: exiting
2023/11/14 11:14:15 [notice] 36#36: gracefully shutting down
2023/11/14 11:14:15 [notice] 30#30: exit
2023/11/14 11:14:15 [notice] 39#39: gracefully shutting down
2023/11/14 11:14:15 [notice] 35#35: exiting
2023/11/14 11:14:15 [notice] 37#37: gracefully shutting down
2023/11/14 11:14:15 [notice] 32#32: exit
2023/11/14 11:14:15 [notice] 36#36: exiting
2023/11/14 11:14:15 [notice] 38#38: gracefully shutting down
2023/11/14 11:14:15 [notice] 31#31: exit
2023/11/14 11:14:15 [notice] 34#34: exit
2023/11/14 11:14:15 [notice] 33#33: exit
2023/11/14 11:14:15 [notice] 37#37: exiting
2023/11/14 11:14:15 [notice] 39#39: exiting
2023/11/14 11:14:15 [notice] 40#40: gracefully shutting down
2023/11/14 11:14:15 [notice] 35#35: exit
2023/11/14 11:14:15 [notice] 41#41: gracefully shutting down
2023/11/14 11:14:15 [notice] 38#38: exiting
2023/11/14 11:14:15 [notice] 36#36: exit
2023/11/14 11:14:15 [notice] 40#40: exiting
2023/11/14 11:14:15 [notice] 37#37: exit
2023/11/14 11:14:15 [notice] 41#41: exiting
2023/11/14 11:14:15 [notice] 38#38: exit
2023/11/14 11:14:15 [notice] 40#40: exit
2023/11/14 11:14:15 [notice] 39#39: exit
2023/11/14 11:14:15 [notice] 41#41: exit
2023/11/14 11:14:15 [notice] 1#1: signal 17 (SIGCHLD) received from 37
2023/11/14 11:14:15 [notice] 1#1: worker process 33 exited with code 0
2023/11/14 11:14:15 [notice] 1#1: worker process 37 exited with code 0
2023/11/14 11:14:15 [notice] 1#1: signal 29 (SIGIO) received
2023/11/14 11:14:15 [notice] 1#1: signal 17 (SIGCHLD) received from 33
2023/11/14 11:14:15 [notice] 1#1: signal 17 (SIGCHLD) received from 35
2023/11/14 11:14:15 [notice] 1#1: worker process 35 exited with code 0
2023/11/14 11:14:15 [notice] 1#1: signal 29 (SIGIO) received
2023/11/14 11:14:15 [notice] 1#1: signal 17 (SIGCHLD) received from 30
2023/11/14 11:14:15 [notice] 1#1: worker process 30 exited with code 0
2023/11/14 11:14:15 [notice] 1#1: worker process 36 exited with code 0
2023/11/14 11:14:15 [notice] 1#1: worker process 32 exited with code 0
2023/11/14 11:14:15 [notice] 1#1: worker process 38 exited with code 0
2023/11/14 11:14:15 [notice] 1#1: worker process 41 exited with code 0
2023/11/14 11:14:15 [notice] 1#1: signal 29 (SIGIO) received
2023/11/14 11:14:15 [notice] 1#1: signal 17 (SIGCHLD) received from 38
2023/11/14 11:14:15 [notice] 1#1: signal 17 (SIGCHLD) received from 39
2023/11/14 11:14:15 [notice] 1#1: worker process 39 exited with code 0
2023/11/14 11:14:15 [notice] 1#1: signal 29 (SIGIO) received
2023/11/14 11:14:15 [notice] 1#1: signal 17 (SIGCHLD) received from 40
2023/11/14 11:14:15 [notice] 1#1: worker process 40 exited with code 0
2023/11/14 11:14:15 [notice] 1#1: signal 29 (SIGIO) received
2023/11/14 11:14:15 [notice] 1#1: signal 17 (SIGCHLD) received from 34
2023/11/14 11:14:15 [notice] 1#1: worker process 34 exited with code 0
2023/11/14 11:14:15 [notice] 1#1: signal 29 (SIGIO) received
2023/11/14 11:14:15 [notice] 1#1: signal 17 (SIGCHLD) received from 31
2023/11/14 11:14:15 [notice] 1#1: worker process 31 exited with code 0
2023/11/14 11:14:15 [notice] 1#1: exit
2023/11/14 11:14:17 [notice] 1#1: using the "epoll" event method
2023/11/14 11:14:17 [notice] 1#1: nginx/1.20.2
2023/11/14 11:14:17 [notice] 1#1: built by gcc 10.2.1 20210110 (Debian 10.2.1-6) 
2023/11/14 11:14:17 [notice] 1#1: OS: Linux 6.5.0-10-generic
2023/11/14 11:14:17 [notice] 1#1: getrlimit(RLIMIT_NOFILE): 1048576:1048576
2023/11/14 11:14:17 [notice] 1#1: start worker processes
2023/11/14 11:14:17 [notice] 1#1: start worker process 30
2023/11/14 11:14:17 [notice] 1#1: start worker process 31
2023/11/14 11:14:17 [notice] 1#1: start worker process 32
2023/11/14 11:14:17 [notice] 1#1: start worker process 33
2023/11/14 11:14:17 [notice] 1#1: start worker process 34
2023/11/14 11:14:17 [notice] 1#1: start worker process 35
2023/11/14 11:14:17 [notice] 1#1: start worker process 36
2023/11/14 11:14:17 [notice] 1#1: start worker process 37
2023/11/14 11:14:17 [notice] 1#1: start worker process 38
2023/11/14 11:14:17 [notice] 1#1: start worker process 39
2023/11/14 11:14:17 [notice] 1#1: start worker process 40
2023/11/14 11:14:17 [notice] 1#1: start worker process 41
2023/11/14 11:14:23 [error] 30#30: *1 open() "/var/www/html/variavle" failed (2: No such file or directory), client: 172.19.0.1, server: , request: "GET /variavle HTTP/1.1", host: "localhost:8080"
2023/11/14 11:14:23 [error] 30#30: *1 open() "/var/www/html/variavle" failed (2: No such file or directory), client: 172.19.0.1, server: , request: "GET /variavle HTTP/1.1", host: "localhost:8080"
2023/11/14 11:18:16 [notice] 1#1: signal 3 (SIGQUIT) received, shutting down
2023/11/14 11:18:16 [notice] 30#30: gracefully shutting down
2023/11/14 11:18:16 [notice] 33#33: gracefully shutting down
2023/11/14 11:18:16 [notice] 32#32: gracefully shutting down
2023/11/14 11:18:16 [notice] 31#31: gracefully shutting down
2023/11/14 11:18:16 [notice] 34#34: gracefully shutting down
2023/11/14 11:18:16 [notice] 35#35: gracefully shutting down
2023/11/14 11:18:16 [notice] 36#36: gracefully shutting down
2023/11/14 11:18:16 [notice] 37#37: gracefully shutting down
2023/11/14 11:18:16 [notice] 40#40: gracefully shutting down
2023/11/14 11:18:16 [notice] 30#30: exiting
2023/11/14 11:18:16 [notice] 39#39: gracefully shutting down
2023/11/14 11:18:16 [notice] 33#33: exiting
2023/11/14 11:18:16 [notice] 32#32: exiting
2023/11/14 11:18:16 [notice] 31#31: exiting
2023/11/14 11:18:16 [notice] 34#34: exiting
2023/11/14 11:18:16 [notice] 35#35: exiting
2023/11/14 11:18:16 [notice] 37#37: exiting
2023/11/14 11:18:16 [notice] 40#40: exiting
2023/11/14 11:18:16 [notice] 36#36: exiting
2023/11/14 11:18:16 [notice] 39#39: exiting
2023/11/14 11:18:16 [notice] 38#38: gracefully shutting down
2023/11/14 11:18:16 [notice] 32#32: exit
2023/11/14 11:18:16 [notice] 33#33: exit
2023/11/14 11:18:16 [notice] 30#30: exit
2023/11/14 11:18:16 [notice] 34#34: exit
2023/11/14 11:18:16 [notice] 37#37: exit
2023/11/14 11:18:16 [notice] 36#36: exit
2023/11/14 11:18:16 [notice] 31#31: exit
2023/11/14 11:18:16 [notice] 35#35: exit
2023/11/14 11:18:16 [notice] 40#40: exit
2023/11/14 11:18:16 [notice] 39#39: exit
2023/11/14 11:18:16 [notice] 38#38: exiting
2023/11/14 11:18:16 [notice] 41#41: gracefully shutting down
2023/11/14 11:18:16 [notice] 38#38: exit
2023/11/14 11:18:16 [notice] 41#41: exiting
2023/11/14 11:18:16 [notice] 41#41: exit
2023/11/14 11:18:16 [notice] 1#1: signal 17 (SIGCHLD) received from 36
2023/11/14 11:18:16 [notice] 1#1: worker process 31 exited with code 0
2023/11/14 11:18:16 [notice] 1#1: worker process 34 exited with code 0
2023/11/14 11:18:16 [notice] 1#1: worker process 36 exited with code 0
2023/11/14 11:18:16 [notice] 1#1: worker process 37 exited with code 0
2023/11/14 11:18:16 [notice] 1#1: worker process 38 exited with code 0
2023/11/14 11:18:16 [notice] 1#1: signal 29 (SIGIO) received
2023/11/14 11:18:16 [notice] 1#1: signal 17 (SIGCHLD) received from 38
2023/11/14 11:18:16 [notice] 1#1: signal 17 (SIGCHLD) received from 40
2023/11/14 11:18:16 [notice] 1#1: worker process 40 exited with code 0
2023/11/14 11:18:16 [notice] 1#1: signal 29 (SIGIO) received
2023/11/14 11:18:16 [notice] 1#1: signal 17 (SIGCHLD) received from 35
2023/11/14 11:18:16 [notice] 1#1: worker process 35 exited with code 0
2023/11/14 11:18:16 [notice] 1#1: signal 29 (SIGIO) received
2023/11/14 11:18:16 [notice] 1#1: signal 17 (SIGCHLD) received from 39
2023/11/14 11:18:16 [notice] 1#1: worker process 32 exited with code 0
2023/11/14 11:18:16 [notice] 1#1: worker process 39 exited with code 0
2023/11/14 11:18:16 [notice] 1#1: signal 29 (SIGIO) received
2023/11/14 11:18:16 [notice] 1#1: signal 17 (SIGCHLD) received from 32
2023/11/14 11:18:16 [notice] 1#1: worker process 33 exited with code 0
2023/11/14 11:18:16 [notice] 1#1: worker process 41 exited with code 0
2023/11/14 11:18:16 [notice] 1#1: signal 29 (SIGIO) received
2023/11/14 11:18:16 [notice] 1#1: signal 17 (SIGCHLD) received from 30
2023/11/14 11:18:16 [notice] 1#1: worker process 30 exited with code 0
2023/11/14 11:18:16 [notice] 1#1: exit
2023/11/14 11:18:34 [notice] 1#1: using the "epoll" event method
2023/11/14 11:18:34 [notice] 1#1: nginx/1.20.2
2023/11/14 11:18:34 [notice] 1#1: built by gcc 10.2.1 20210110 (Debian 10.2.1-6) 
2023/11/14 11:18:34 [notice] 1#1: OS: Linux 6.5.0-10-generic
2023/11/14 11:18:34 [notice] 1#1: getrlimit(RLIMIT_NOFILE): 1048576:1048576
2023/11/14 11:18:34 [notice] 1#1: start worker processes
2023/11/14 11:18:34 [notice] 1#1: start worker process 30
2023/11/14 11:18:34 [notice] 1#1: start worker process 31
2023/11/14 11:18:34 [notice] 1#1: start worker process 32
2023/11/14 11:18:34 [notice] 1#1: start worker process 33
2023/11/14 11:18:34 [notice] 1#1: start worker process 34
2023/11/14 11:18:34 [notice] 1#1: start worker process 35
2023/11/14 11:18:34 [notice] 1#1: start worker process 36
2023/11/14 11:18:34 [notice] 1#1: start worker process 37
2023/11/14 11:18:34 [notice] 1#1: start worker process 38
2023/11/14 11:18:34 [notice] 1#1: start worker process 39
2023/11/14 11:18:34 [notice] 1#1: start worker process 40
2023/11/14 11:18:34 [notice] 1#1: start worker process 41
2023/11/14 11:45:14 [error] 30#30: *17 open() "/var/www/html/dream/destinations" failed (2: No such file or directory), client: 172.19.0.1, server: , request: "GET /dream/destinations HTTP/1.1", host: "localhost:8080"
2023/11/14 13:26:32 [error] 30#30: *32 open() "/var/www/html/favicon.ico" failed (2: No such file or directory), client: 172.19.0.1, server: , request: "GET /favicon.ico HTTP/1.1", host: "localhost:8080", referrer: "http://localhost:8080/dream/destinations.php"
2023/11/14 14:30:03 [error] 30#30: *33 open() "/var/www/html/destinations" failed (2: No such file or directory), client: 172.19.0.1, server: , request: "GET /destinations HTTP/1.1", host: "localhost:8080"
2023/11/14 14:30:06 [error] 30#30: *33 open() "/var/www/html/destination" failed (2: No such file or directory), client: 172.19.0.1, server: , request: "GET /destination HTTP/1.1", host: "localhost:8080"
2023/11/14 14:30:35 [error] 30#30: *33 open() "/var/www/html/dream/destinations" failed (2: No such file or directory), client: 172.19.0.1, server: , request: "GET /dream/destinations HTTP/1.1", host: "localhost:8080"
2023/11/14 14:30:44 [error] 30#30: *33 open() "/var/www/html/dream/destinations" failed (2: No such file or directory), client: 172.19.0.1, server: , request: "GET /dream/destinations HTTP/1.1", host: "localhost:8080"
2023/11/14 14:30:45 [error] 30#30: *33 open() "/var/www/html/dream/destinations" failed (2: No such file or directory), client: 172.19.0.1, server: , request: "GET /dream/destinations HTTP/1.1", host: "localhost:8080"
2023/11/14 14:30:46 [error] 30#30: *33 open() "/var/www/html/dream/destinations" failed (2: No such file or directory), client: 172.19.0.1, server: , request: "GET /dream/destinations HTTP/1.1", host: "localhost:8080"
2023/11/14 14:47:34 [error] 30#30: *43 open() "/var/www/html/favicon.ico" failed (2: No such file or directory), client: 172.19.0.1, server: , request: "GET /favicon.ico HTTP/1.1", host: "localhost:8080", referrer: "http://localhost:8080/dream/destinations.php"
2023/11/14 22:02:32 [notice] 1#1: signal 3 (SIGQUIT) received, shutting down
2023/11/14 22:02:32 [notice] 30#30: gracefully shutting down
2023/11/14 22:02:32 [notice] 41#41: gracefully shutting down
2023/11/14 22:02:32 [notice] 34#34: gracefully shutting down
2023/11/14 22:02:32 [notice] 36#36: gracefully shutting down
2023/11/14 22:02:32 [notice] 39#39: gracefully shutting down
2023/11/14 22:02:32 [notice] 37#37: gracefully shutting down
2023/11/14 22:02:32 [notice] 30#30: exiting
2023/11/14 22:02:32 [notice] 40#40: gracefully shutting down
2023/11/14 22:02:32 [notice] 38#38: gracefully shutting down
2023/11/14 22:02:32 [notice] 32#32: gracefully shutting down
2023/11/14 22:02:32 [notice] 33#33: gracefully shutting down
2023/11/14 22:02:32 [notice] 31#31: gracefully shutting down
2023/11/14 22:02:32 [notice] 35#35: gracefully shutting down
2023/11/14 22:02:32 [notice] 30#30: exit
2023/11/14 22:02:32 [notice] 34#34: exiting
2023/11/14 22:02:32 [notice] 39#39: exiting
2023/11/14 22:02:32 [notice] 41#41: exiting
2023/11/14 22:02:32 [notice] 32#32: exiting
2023/11/14 22:02:32 [notice] 37#37: exiting
2023/11/14 22:02:32 [notice] 39#39: exit
2023/11/14 22:02:32 [notice] 36#36: exiting
2023/11/14 22:02:32 [notice] 41#41: exit
2023/11/14 22:02:32 [notice] 31#31: exiting
2023/11/14 22:02:32 [notice] 32#32: exit
2023/11/14 22:02:32 [notice] 38#38: exiting
2023/11/14 22:02:32 [notice] 36#36: exit
2023/11/14 22:02:32 [notice] 37#37: exit
2023/11/14 22:02:32 [notice] 40#40: exiting
2023/11/14 22:02:32 [notice] 33#33: exiting
2023/11/14 22:02:32 [notice] 34#34: exit
2023/11/14 22:02:32 [notice] 38#38: exit
2023/11/14 22:02:32 [notice] 40#40: exit
2023/11/14 22:02:32 [notice] 33#33: exit
2023/11/14 22:02:32 [notice] 31#31: exit
2023/11/14 22:02:32 [notice] 35#35: exiting
2023/11/14 22:02:32 [notice] 35#35: exit
2023/11/14 22:02:32 [notice] 1#1: signal 17 (SIGCHLD) received from 39
2023/11/14 22:02:32 [notice] 1#1: worker process 31 exited with code 0
2023/11/14 22:02:32 [notice] 1#1: worker process 33 exited with code 0
2023/11/14 22:02:32 [notice] 1#1: worker process 35 exited with code 0
2023/11/14 22:02:32 [notice] 1#1: worker process 36 exited with code 0
2023/11/14 22:02:32 [notice] 1#1: worker process 39 exited with code 0
2023/11/14 22:02:32 [notice] 1#1: signal 29 (SIGIO) received
2023/11/14 22:02:32 [notice] 1#1: signal 17 (SIGCHLD) received from 31
2023/11/14 22:02:32 [notice] 1#1: signal 17 (SIGCHLD) received from 30
2023/11/14 22:02:32 [notice] 1#1: worker process 30 exited with code 0
2023/11/14 22:02:32 [notice] 1#1: worker process 34 exited with code 0
2023/11/14 22:02:32 [notice] 1#1: worker process 37 exited with code 0
2023/11/14 22:02:32 [notice] 1#1: worker process 41 exited with code 0
2023/11/14 22:02:32 [notice] 1#1: signal 29 (SIGIO) received
2023/11/14 22:02:32 [notice] 1#1: signal 17 (SIGCHLD) received from 41
2023/11/14 22:02:32 [notice] 1#1: signal 17 (SIGCHLD) received from 38
2023/11/14 22:02:32 [notice] 1#1: worker process 32 exited with code 0
2023/11/14 22:02:32 [notice] 1#1: worker process 38 exited with code 0
2023/11/14 22:02:32 [notice] 1#1: worker process 40 exited with code 0
2023/11/14 22:02:32 [notice] 1#1: exit
2023/11/15 11:32:04 [notice] 1#1: using the "epoll" event method
2023/11/15 11:32:04 [notice] 1#1: nginx/1.20.2
2023/11/15 11:32:04 [notice] 1#1: built by gcc 10.2.1 20210110 (Debian 10.2.1-6) 
2023/11/15 11:32:04 [notice] 1#1: OS: Linux 6.5.0-10-generic
2023/11/15 11:32:04 [notice] 1#1: getrlimit(RLIMIT_NOFILE): 1048576:1048576
2023/11/15 11:32:04 [notice] 1#1: start worker processes
2023/11/15 11:32:04 [notice] 1#1: start worker process 30
2023/11/15 11:32:04 [notice] 1#1: start worker process 31
2023/11/15 11:32:04 [notice] 1#1: start worker process 32
2023/11/15 11:32:04 [notice] 1#1: start worker process 33
2023/11/15 11:32:04 [notice] 1#1: start worker process 34
2023/11/15 11:32:04 [notice] 1#1: start worker process 35
2023/11/15 11:32:04 [notice] 1#1: start worker process 36
2023/11/15 11:32:04 [notice] 1#1: start worker process 37
2023/11/15 11:32:04 [notice] 1#1: start worker process 38
2023/11/15 11:32:04 [notice] 1#1: start worker process 39
2023/11/15 11:32:04 [notice] 1#1: start worker process 40
2023/11/15 11:32:04 [notice] 1#1: start worker process 41
2023/11/15 13:15:58 [notice] 1#1: signal 3 (SIGQUIT) received, shutting down
2023/11/15 13:15:58 [notice] 32#32: gracefully shutting down
2023/11/15 13:15:58 [notice] 37#37: gracefully shutting down
2023/11/15 13:15:58 [notice] 37#37: exiting
2023/11/15 13:15:58 [notice] 36#36: gracefully shutting down
2023/11/15 13:15:58 [notice] 35#35: gracefully shutting down
2023/11/15 13:15:58 [notice] 39#39: gracefully shutting down
2023/11/15 13:15:58 [notice] 30#30: gracefully shutting down
2023/11/15 13:15:58 [notice] 30#30: exiting
2023/11/15 13:15:58 [notice] 31#31: gracefully shutting down
2023/11/15 13:15:58 [notice] 38#38: gracefully shutting down
2023/11/15 13:15:58 [notice] 34#34: gracefully shutting down
2023/11/15 13:15:58 [notice] 41#41: gracefully shutting down
2023/11/15 13:15:58 [notice] 41#41: exiting
2023/11/15 13:15:58 [notice] 35#35: exiting
2023/11/15 13:15:58 [notice] 39#39: exiting
2023/11/15 13:15:58 [notice] 33#33: gracefully shutting down
2023/11/15 13:15:58 [notice] 33#33: exiting
2023/11/15 13:15:58 [notice] 31#31: exiting
2023/11/15 13:15:58 [notice] 40#40: gracefully shutting down
2023/11/15 13:15:58 [notice] 40#40: exiting
2023/11/15 13:15:58 [notice] 32#32: exiting
2023/11/15 13:15:58 [notice] 41#41: exit
2023/11/15 13:15:58 [notice] 37#37: exit
2023/11/15 13:15:58 [notice] 33#33: exit
2023/11/15 13:15:58 [notice] 35#35: exit
2023/11/15 13:15:58 [notice] 32#32: exit
2023/11/15 13:15:58 [notice] 30#30: exit
2023/11/15 13:15:58 [notice] 40#40: exit
2023/11/15 13:15:58 [notice] 31#31: exit
2023/11/15 13:15:58 [notice] 39#39: exit
2023/11/15 13:15:58 [notice] 36#36: exiting
2023/11/15 13:15:58 [notice] 36#36: exit
2023/11/15 13:15:58 [notice] 34#34: exiting
2023/11/15 13:15:58 [notice] 34#34: exit
2023/11/15 13:15:58 [notice] 38#38: exiting
2023/11/15 13:15:58 [notice] 38#38: exit
2023/11/15 13:15:58 [notice] 1#1: signal 17 (SIGCHLD) received from 36
2023/11/15 13:15:58 [notice] 1#1: worker process 31 exited with code 0
2023/11/15 13:15:58 [notice] 1#1: worker process 32 exited with code 0
2023/11/15 13:15:58 [notice] 1#1: worker process 34 exited with code 0
2023/11/15 13:15:58 [notice] 1#1: worker process 35 exited with code 0
2023/11/15 13:15:58 [notice] 1#1: worker process 36 exited with code 0
2023/11/15 13:15:58 [notice] 1#1: worker process 40 exited with code 0
2023/11/15 13:15:58 [notice] 1#1: signal 29 (SIGIO) received
2023/11/15 13:15:58 [notice] 1#1: signal 17 (SIGCHLD) received from 40
2023/11/15 13:15:58 [notice] 1#1: signal 17 (SIGCHLD) received from 41
2023/11/15 13:15:58 [notice] 1#1: worker process 41 exited with code 0
2023/11/15 13:15:58 [notice] 1#1: signal 29 (SIGIO) received
2023/11/15 13:15:58 [notice] 1#1: signal 17 (SIGCHLD) received from 38
2023/11/15 13:15:58 [notice] 1#1: worker process 30 exited with code 0
2023/11/15 13:15:58 [notice] 1#1: worker process 33 exited with code 0
2023/11/15 13:15:58 [notice] 1#1: worker process 37 exited with code 0
2023/11/15 13:15:58 [notice] 1#1: worker process 38 exited with code 0
2023/11/15 13:15:58 [notice] 1#1: worker process 39 exited with code 0
2023/11/15 13:15:58 [notice] 1#1: exit
2023/11/16 09:49:09 [notice] 1#1: using the "epoll" event method
2023/11/16 09:49:09 [notice] 1#1: nginx/1.20.2
2023/11/16 09:49:09 [notice] 1#1: built by gcc 10.2.1 20210110 (Debian 10.2.1-6) 
2023/11/16 09:49:09 [notice] 1#1: OS: Linux 6.5.0-10-generic
2023/11/16 09:49:09 [notice] 1#1: getrlimit(RLIMIT_NOFILE): 1048576:1048576
2023/11/16 09:49:09 [notice] 1#1: start worker processes
2023/11/16 09:49:09 [notice] 1#1: start worker process 30
2023/11/16 09:49:09 [notice] 1#1: start worker process 31
2023/11/16 09:49:09 [notice] 1#1: start worker process 32
2023/11/16 09:49:09 [notice] 1#1: start worker process 33
2023/11/16 09:49:09 [notice] 1#1: start worker process 34
2023/11/16 09:49:09 [notice] 1#1: start worker process 35
2023/11/16 09:49:09 [notice] 1#1: start worker process 36
2023/11/16 09:49:09 [notice] 1#1: start worker process 37
2023/11/16 09:49:09 [notice] 1#1: start worker process 38
2023/11/16 09:49:09 [notice] 1#1: start worker process 39
2023/11/16 09:49:09 [notice] 1#1: start worker process 40
2023/11/16 09:49:09 [notice] 1#1: start worker process 41
2023/11/16 09:52:39 [notice] 1#1: signal 3 (SIGQUIT) received, shutting down
2023/11/16 09:52:39 [notice] 30#30: gracefully shutting down
2023/11/16 09:52:39 [notice] 31#31: gracefully shutting down
2023/11/16 09:52:39 [notice] 33#33: gracefully shutting down
2023/11/16 09:52:39 [notice] 32#32: gracefully shutting down
2023/11/16 09:52:39 [notice] 34#34: gracefully shutting down
2023/11/16 09:52:39 [notice] 35#35: gracefully shutting down
2023/11/16 09:52:39 [notice] 37#37: gracefully shutting down
2023/11/16 09:52:39 [notice] 36#36: gracefully shutting down
2023/11/16 09:52:39 [notice] 39#39: gracefully shutting down
2023/11/16 09:52:39 [notice] 38#38: gracefully shutting down
2023/11/16 09:52:39 [notice] 41#41: gracefully shutting down
2023/11/16 09:52:39 [notice] 31#31: exiting
2023/11/16 09:52:39 [notice] 33#33: exiting
2023/11/16 09:52:39 [notice] 32#32: exiting
2023/11/16 09:52:39 [notice] 34#34: exiting
2023/11/16 09:52:39 [notice] 35#35: exiting
2023/11/16 09:52:39 [notice] 30#30: exiting
2023/11/16 09:52:39 [notice] 37#37: exiting
2023/11/16 09:52:39 [notice] 36#36: exiting
2023/11/16 09:52:39 [notice] 39#39: exiting
2023/11/16 09:52:39 [notice] 38#38: exiting
2023/11/16 09:52:39 [notice] 41#41: exiting
2023/11/16 09:52:39 [notice] 33#33: exit
2023/11/16 09:52:39 [notice] 30#30: exit
2023/11/16 09:52:39 [notice] 31#31: exit
2023/11/16 09:52:39 [notice] 34#34: exit
2023/11/16 09:52:39 [notice] 32#32: exit
2023/11/16 09:52:39 [notice] 37#37: exit
2023/11/16 09:52:39 [notice] 35#35: exit
2023/11/16 09:52:39 [notice] 40#40: gracefully shutting down
2023/11/16 09:52:39 [notice] 39#39: exit
2023/11/16 09:52:39 [notice] 36#36: exit
2023/11/16 09:52:39 [notice] 38#38: exit
2023/11/16 09:52:39 [notice] 41#41: exit
2023/11/16 09:52:39 [notice] 40#40: exiting
2023/11/16 09:52:39 [notice] 40#40: exit
2023/11/16 09:52:39 [notice] 1#1: signal 17 (SIGCHLD) received from 30
2023/11/16 09:52:39 [notice] 1#1: worker process 30 exited with code 0
2023/11/16 09:52:39 [notice] 1#1: worker process 34 exited with code 0
2023/11/16 09:52:39 [notice] 1#1: worker process 37 exited with code 0
2023/11/16 09:52:39 [notice] 1#1: worker process 39 exited with code 0
2023/11/16 09:52:39 [notice] 1#1: worker process 40 exited with code 0
2023/11/16 09:52:39 [notice] 1#1: worker process 41 exited with code 0
2023/11/16 09:52:39 [notice] 1#1: signal 29 (SIGIO) received
2023/11/16 09:52:39 [notice] 1#1: signal 17 (SIGCHLD) received from 34
2023/11/16 09:52:39 [notice] 1#1: signal 17 (SIGCHLD) received from 38
2023/11/16 09:52:39 [notice] 1#1: worker process 38 exited with code 0
2023/11/16 09:52:39 [notice] 1#1: signal 29 (SIGIO) received
2023/11/16 09:52:39 [notice] 1#1: signal 17 (SIGCHLD) received from 36
2023/11/16 09:52:39 [notice] 1#1: worker process 36 exited with code 0
2023/11/16 09:52:39 [notice] 1#1: signal 29 (SIGIO) received
2023/11/16 09:52:39 [notice] 1#1: signal 17 (SIGCHLD) received from 35
2023/11/16 09:52:39 [notice] 1#1: worker process 35 exited with code 0
2023/11/16 09:52:39 [notice] 1#1: signal 29 (SIGIO) received
2023/11/16 09:52:39 [notice] 1#1: signal 17 (SIGCHLD) received from 33
2023/11/16 09:52:39 [notice] 1#1: worker process 33 exited with code 0
2023/11/16 09:52:39 [notice] 1#1: worker process 31 exited with code 0
2023/11/16 09:52:39 [notice] 1#1: signal 29 (SIGIO) received
2023/11/16 09:52:39 [notice] 1#1: signal 17 (SIGCHLD) received from 31
2023/11/16 09:52:39 [notice] 1#1: signal 17 (SIGCHLD) received from 32
2023/11/16 09:52:39 [notice] 1#1: worker process 32 exited with code 0
2023/11/16 09:52:39 [notice] 1#1: exit
2023/11/16 12:19:52 [notice] 1#1: using the "epoll" event method
2023/11/16 12:19:52 [notice] 1#1: nginx/1.20.2
2023/11/16 12:19:52 [notice] 1#1: built by gcc 10.2.1 20210110 (Debian 10.2.1-6) 
2023/11/16 12:19:52 [notice] 1#1: OS: Linux 6.5.0-10-generic
2023/11/16 12:19:52 [notice] 1#1: getrlimit(RLIMIT_NOFILE): 1048576:1048576
2023/11/16 12:19:52 [notice] 1#1: start worker processes
2023/11/16 12:19:52 [notice] 1#1: start worker process 30
2023/11/16 12:19:52 [notice] 1#1: start worker process 31
2023/11/16 12:19:52 [notice] 1#1: start worker process 32
2023/11/16 12:19:52 [notice] 1#1: start worker process 33
2023/11/16 12:19:52 [notice] 1#1: start worker process 34
2023/11/16 12:19:52 [notice] 1#1: start worker process 35
2023/11/16 12:19:52 [notice] 1#1: start worker process 36
2023/11/16 12:19:52 [notice] 1#1: start worker process 37
2023/11/16 12:19:52 [notice] 1#1: start worker process 38
2023/11/16 12:19:52 [notice] 1#1: start worker process 39
2023/11/16 12:19:52 [notice] 1#1: start worker process 40
2023/11/16 12:19:52 [notice] 1#1: start worker process 41
2023/11/16 12:23:42 [notice] 1#1: signal 3 (SIGQUIT) received, shutting down
2023/11/16 12:23:42 [notice] 33#33: gracefully shutting down
2023/11/16 12:23:42 [notice] 31#31: gracefully shutting down
2023/11/16 12:23:42 [notice] 30#30: gracefully shutting down
2023/11/16 12:23:42 [notice] 35#35: gracefully shutting down
2023/11/16 12:23:42 [notice] 33#33: exiting
2023/11/16 12:23:42 [notice] 31#31: exiting
2023/11/16 12:23:42 [notice] 30#30: exiting
2023/11/16 12:23:42 [notice] 35#35: exiting
2023/11/16 12:23:42 [notice] 30#30: exit
2023/11/16 12:23:42 [notice] 33#33: exit
2023/11/16 12:23:42 [notice] 31#31: exit
2023/11/16 12:23:42 [notice] 35#35: exit
2023/11/16 12:23:42 [notice] 34#34: gracefully shutting down
2023/11/16 12:23:42 [notice] 34#34: exiting
2023/11/16 12:23:42 [notice] 34#34: exit
2023/11/16 12:23:42 [notice] 36#36: gracefully shutting down
2023/11/16 12:23:42 [notice] 38#38: gracefully shutting down
2023/11/16 12:23:42 [notice] 36#36: exiting
2023/11/16 12:23:42 [notice] 38#38: exiting
2023/11/16 12:23:42 [notice] 36#36: exit
2023/11/16 12:23:42 [notice] 38#38: exit
2023/11/16 12:23:42 [notice] 37#37: gracefully shutting down
2023/11/16 12:23:42 [notice] 39#39: gracefully shutting down
2023/11/16 12:23:42 [notice] 37#37: exiting
2023/11/16 12:23:42 [notice] 39#39: exiting
2023/11/16 12:23:42 [notice] 37#37: exit
2023/11/16 12:23:42 [notice] 39#39: exit
2023/11/16 12:23:42 [notice] 40#40: gracefully shutting down
2023/11/16 12:23:42 [notice] 40#40: exiting
2023/11/16 12:23:42 [notice] 41#41: gracefully shutting down
2023/11/16 12:23:42 [notice] 40#40: exit
2023/11/16 12:23:42 [notice] 41#41: exiting
2023/11/16 12:23:42 [notice] 32#32: gracefully shutting down
2023/11/16 12:23:42 [notice] 41#41: exit
2023/11/16 12:23:42 [notice] 32#32: exiting
2023/11/16 12:23:42 [notice] 32#32: exit
2023/11/16 12:23:42 [notice] 1#1: signal 17 (SIGCHLD) received from 34
2023/11/16 12:23:42 [notice] 1#1: worker process 34 exited with code 0
2023/11/16 12:23:42 [notice] 1#1: signal 29 (SIGIO) received
2023/11/16 12:23:42 [notice] 1#1: signal 17 (SIGCHLD) received from 31
2023/11/16 12:23:42 [notice] 1#1: worker process 31 exited with code 0
2023/11/16 12:23:42 [notice] 1#1: signal 29 (SIGIO) received
2023/11/16 12:23:42 [notice] 1#1: signal 17 (SIGCHLD) received from 30
2023/11/16 12:23:42 [notice] 1#1: worker process 30 exited with code 0
2023/11/16 12:23:42 [notice] 1#1: worker process 33 exited with code 0
2023/11/16 12:23:42 [notice] 1#1: worker process 35 exited with code 0
2023/11/16 12:23:42 [notice] 1#1: worker process 40 exited with code 0
2023/11/16 12:23:42 [notice] 1#1: worker process 36 exited with code 0
2023/11/16 12:23:42 [notice] 1#1: signal 29 (SIGIO) received
2023/11/16 12:23:42 [notice] 1#1: signal 17 (SIGCHLD) received from 35
2023/11/16 12:23:42 [notice] 1#1: worker process 37 exited with code 0
2023/11/16 12:23:42 [notice] 1#1: signal 29 (SIGIO) received
2023/11/16 12:23:42 [notice] 1#1: signal 17 (SIGCHLD) received from 32
2023/11/16 12:23:42 [notice] 1#1: worker process 32 exited with code 0
2023/11/16 12:23:42 [notice] 1#1: signal 29 (SIGIO) received
2023/11/16 12:23:42 [notice] 1#1: signal 17 (SIGCHLD) received from 39
2023/11/16 12:23:42 [notice] 1#1: worker process 38 exited with code 0
2023/11/16 12:23:42 [notice] 1#1: worker process 39 exited with code 0
2023/11/16 12:23:42 [notice] 1#1: signal 29 (SIGIO) received
2023/11/16 12:23:42 [notice] 1#1: signal 17 (SIGCHLD) received from 38
2023/11/16 12:23:42 [notice] 1#1: signal 17 (SIGCHLD) received from 41
2023/11/16 12:23:42 [notice] 1#1: worker process 41 exited with code 0
2023/11/16 12:23:42 [notice] 1#1: exit
2023/11/16 12:24:12 [notice] 1#1: using the "epoll" event method
2023/11/16 12:24:12 [notice] 1#1: nginx/1.20.2
2023/11/16 12:24:12 [notice] 1#1: built by gcc 10.2.1 20210110 (Debian 10.2.1-6) 
2023/11/16 12:24:12 [notice] 1#1: OS: Linux 6.5.0-10-generic
2023/11/16 12:24:12 [notice] 1#1: getrlimit(RLIMIT_NOFILE): 1048576:1048576
2023/11/16 12:24:12 [notice] 1#1: start worker processes
2023/11/16 12:24:12 [notice] 1#1: start worker process 30
2023/11/16 12:24:12 [notice] 1#1: start worker process 31
2023/11/16 12:24:12 [notice] 1#1: start worker process 32
2023/11/16 12:24:12 [notice] 1#1: start worker process 33
2023/11/16 12:24:12 [notice] 1#1: start worker process 34
2023/11/16 12:24:12 [notice] 1#1: start worker process 35
2023/11/16 12:24:12 [notice] 1#1: start worker process 36
2023/11/16 12:24:12 [notice] 1#1: start worker process 37
2023/11/16 12:24:12 [notice] 1#1: start worker process 38
2023/11/16 12:24:12 [notice] 1#1: start worker process 39
2023/11/16 12:24:12 [notice] 1#1: start worker process 40
2023/11/16 12:24:12 [notice] 1#1: start worker process 41
2023/11/16 12:56:42 [notice] 1#1: signal 3 (SIGQUIT) received, shutting down
2023/11/16 12:56:42 [notice] 32#32: gracefully shutting down
2023/11/16 12:56:42 [notice] 30#30: gracefully shutting down
2023/11/16 12:56:42 [notice] 35#35: gracefully shutting down
2023/11/16 12:56:42 [notice] 33#33: gracefully shutting down
2023/11/16 12:56:42 [notice] 31#31: gracefully shutting down
2023/11/16 12:56:42 [notice] 34#34: gracefully shutting down
2023/11/16 12:56:42 [notice] 41#41: gracefully shutting down
2023/11/16 12:56:42 [notice] 32#32: exiting
2023/11/16 12:56:42 [notice] 30#30: exiting
2023/11/16 12:56:42 [notice] 35#35: exiting
2023/11/16 12:56:42 [notice] 33#33: exiting
2023/11/16 12:56:42 [notice] 31#31: exiting
2023/11/16 12:56:42 [notice] 34#34: exiting
2023/11/16 12:56:42 [notice] 41#41: exiting
2023/11/16 12:56:42 [notice] 30#30: exit
2023/11/16 12:56:42 [notice] 35#35: exit
2023/11/16 12:56:42 [notice] 32#32: exit
2023/11/16 12:56:42 [notice] 33#33: exit
2023/11/16 12:56:42 [notice] 31#31: exit
2023/11/16 12:56:42 [notice] 34#34: exit
2023/11/16 12:56:42 [notice] 36#36: gracefully shutting down
2023/11/16 12:56:42 [notice] 41#41: exit
2023/11/16 12:56:42 [notice] 37#37: gracefully shutting down
2023/11/16 12:56:42 [notice] 36#36: exiting
2023/11/16 12:56:42 [notice] 37#37: exiting
2023/11/16 12:56:42 [notice] 38#38: gracefully shutting down
2023/11/16 12:56:42 [notice] 36#36: exit
2023/11/16 12:56:42 [notice] 40#40: gracefully shutting down
2023/11/16 12:56:42 [notice] 39#39: gracefully shutting down
2023/11/16 12:56:42 [notice] 37#37: exit
2023/11/16 12:56:42 [notice] 38#38: exiting
2023/11/16 12:56:42 [notice] 40#40: exiting
2023/11/16 12:56:42 [notice] 39#39: exiting
2023/11/16 12:56:42 [notice] 38#38: exit
2023/11/16 12:56:42 [notice] 40#40: exit
2023/11/16 12:56:42 [notice] 39#39: exit
2023/11/16 12:56:42 [notice] 1#1: signal 17 (SIGCHLD) received from 38
2023/11/16 12:56:42 [notice] 1#1: worker process 38 exited with code 0
2023/11/16 12:56:42 [notice] 1#1: signal 29 (SIGIO) received
2023/11/16 12:56:42 [notice] 1#1: signal 17 (SIGCHLD) received from 37
2023/11/16 12:56:42 [notice] 1#1: worker process 37 exited with code 0
2023/11/16 12:56:42 [notice] 1#1: signal 29 (SIGIO) received
2023/11/16 12:56:42 [notice] 1#1: signal 17 (SIGCHLD) received from 41
2023/11/16 12:56:42 [notice] 1#1: worker process 30 exited with code 0
2023/11/16 12:56:42 [notice] 1#1: worker process 31 exited with code 0
2023/11/16 12:56:42 [notice] 1#1: worker process 33 exited with code 0
2023/11/16 12:56:42 [notice] 1#1: worker process 34 exited with code 0
2023/11/16 12:56:42 [notice] 1#1: worker process 39 exited with code 0
2023/11/16 12:56:42 [notice] 1#1: worker process 40 exited with code 0
2023/11/16 12:56:42 [notice] 1#1: worker process 41 exited with code 0
2023/11/16 12:56:42 [notice] 1#1: signal 29 (SIGIO) received
2023/11/16 12:56:42 [notice] 1#1: signal 17 (SIGCHLD) received from 33
2023/11/16 12:56:42 [notice] 1#1: signal 17 (SIGCHLD) received from 35
2023/11/16 12:56:42 [notice] 1#1: worker process 32 exited with code 0
2023/11/16 12:56:42 [notice] 1#1: worker process 35 exited with code 0
2023/11/16 12:56:42 [notice] 1#1: signal 29 (SIGIO) received
2023/11/16 12:56:42 [notice] 1#1: signal 17 (SIGCHLD) received from 36
2023/11/16 12:56:42 [notice] 1#1: worker process 36 exited with code 0
2023/11/16 12:56:42 [notice] 1#1: exit
2023/11/17 08:34:26 [notice] 1#1: using the "epoll" event method
2023/11/17 08:34:26 [notice] 1#1: nginx/1.20.2
2023/11/17 08:34:26 [notice] 1#1: built by gcc 10.2.1 20210110 (Debian 10.2.1-6) 
2023/11/17 08:34:26 [notice] 1#1: OS: Linux 6.5.0-10-generic
2023/11/17 08:34:26 [notice] 1#1: getrlimit(RLIMIT_NOFILE): 1048576:1048576
2023/11/17 08:34:26 [notice] 1#1: start worker processes
2023/11/17 08:34:26 [notice] 1#1: start worker process 30
2023/11/17 08:34:26 [notice] 1#1: start worker process 31
2023/11/17 08:34:26 [notice] 1#1: start worker process 32
2023/11/17 08:34:26 [notice] 1#1: start worker process 33
2023/11/17 08:34:26 [notice] 1#1: start worker process 34
2023/11/17 08:34:26 [notice] 1#1: start worker process 35
2023/11/17 08:34:26 [notice] 1#1: start worker process 36
2023/11/17 08:34:26 [notice] 1#1: start worker process 37
2023/11/17 08:34:26 [notice] 1#1: start worker process 38
2023/11/17 08:34:26 [notice] 1#1: start worker process 39
2023/11/17 08:34:26 [notice] 1#1: start worker process 40
2023/11/17 08:34:26 [notice] 1#1: start worker process 41
2023/11/17 09:02:58 [notice] 1#1: signal 3 (SIGQUIT) received, shutting down
2023/11/17 09:02:58 [notice] 30#30: gracefully shutting down
2023/11/17 09:02:58 [notice] 31#31: gracefully shutting down
2023/11/17 09:02:58 [notice] 32#32: gracefully shutting down
2023/11/17 09:02:58 [notice] 34#34: gracefully shutting down
2023/11/17 09:02:58 [notice] 35#35: gracefully shutting down
2023/11/17 09:02:58 [notice] 36#36: gracefully shutting down
2023/11/17 09:02:58 [notice] 38#38: gracefully shutting down
2023/11/17 09:02:58 [notice] 31#31: exiting
2023/11/17 09:02:58 [notice] 32#32: exiting
2023/11/17 09:02:58 [notice] 40#40: gracefully shutting down
2023/11/17 09:02:58 [notice] 34#34: exiting
2023/11/17 09:02:58 [notice] 35#35: exiting
2023/11/17 09:02:58 [notice] 33#33: gracefully shutting down
2023/11/17 09:02:58 [notice] 36#36: exiting
2023/11/17 09:02:58 [notice] 38#38: exiting
2023/11/17 09:02:58 [notice] 40#40: exiting
2023/11/17 09:02:58 [notice] 30#30: exiting
2023/11/17 09:02:58 [notice] 35#35: exit
2023/11/17 09:02:58 [notice] 32#32: exit
2023/11/17 09:02:58 [notice] 31#31: exit
2023/11/17 09:02:58 [notice] 34#34: exit
2023/11/17 09:02:58 [notice] 33#33: exiting
2023/11/17 09:02:58 [notice] 38#38: exit
2023/11/17 09:02:58 [notice] 36#36: exit
2023/11/17 09:02:58 [notice] 40#40: exit
2023/11/17 09:02:58 [notice] 30#30: exit
2023/11/17 09:02:58 [notice] 33#33: exit
2023/11/17 09:02:58 [notice] 37#37: gracefully shutting down
2023/11/17 09:02:58 [notice] 37#37: exiting
2023/11/17 09:02:58 [notice] 39#39: gracefully shutting down
2023/11/17 09:02:58 [notice] 37#37: exit
2023/11/17 09:02:58 [notice] 39#39: exiting
2023/11/17 09:02:58 [notice] 39#39: exit
2023/11/17 09:02:58 [notice] 41#41: gracefully shutting down
2023/11/17 09:02:58 [notice] 41#41: exiting
2023/11/17 09:02:58 [notice] 41#41: exit
2023/11/17 09:02:58 [notice] 1#1: signal 17 (SIGCHLD) received from 32
2023/11/17 09:02:58 [notice] 1#1: worker process 32 exited with code 0
2023/11/17 09:02:58 [notice] 1#1: signal 29 (SIGIO) received
2023/11/17 09:02:58 [notice] 1#1: signal 17 (SIGCHLD) received from 41
2023/11/17 09:02:58 [notice] 1#1: worker process 31 exited with code 0
2023/11/17 09:02:58 [notice] 1#1: worker process 41 exited with code 0
2023/11/17 09:02:58 [notice] 1#1: signal 29 (SIGIO) received
2023/11/17 09:02:58 [notice] 1#1: signal 17 (SIGCHLD) received from 31
2023/11/17 09:02:58 [notice] 1#1: worker process 34 exited with code 0
2023/11/17 09:02:58 [notice] 1#1: worker process 40 exited with code 0
2023/11/17 09:02:58 [notice] 1#1: signal 29 (SIGIO) received
2023/11/17 09:02:58 [notice] 1#1: signal 17 (SIGCHLD) received from 36
2023/11/17 09:02:58 [notice] 1#1: worker process 33 exited with code 0
2023/11/17 09:02:58 [notice] 1#1: worker process 35 exited with code 0
2023/11/17 09:02:58 [notice] 1#1: worker process 36 exited with code 0
2023/11/17 09:02:58 [notice] 1#1: signal 29 (SIGIO) received
2023/11/17 09:02:58 [notice] 1#1: signal 17 (SIGCHLD) received from 35
2023/11/17 09:02:58 [notice] 1#1: signal 17 (SIGCHLD) received from 38
2023/11/17 09:02:58 [notice] 1#1: worker process 37 exited with code 0
2023/11/17 09:02:58 [notice] 1#1: worker process 38 exited with code 0
2023/11/17 09:02:58 [notice] 1#1: signal 29 (SIGIO) received
2023/11/17 09:02:58 [notice] 1#1: signal 17 (SIGCHLD) received from 37
2023/11/17 09:02:58 [notice] 1#1: signal 17 (SIGCHLD) received from 39
2023/11/17 09:02:58 [notice] 1#1: worker process 39 exited with code 0
2023/11/17 09:02:58 [notice] 1#1: worker process 30 exited with code 0
2023/11/17 09:02:58 [notice] 1#1: exit
2023/11/17 09:06:13 [notice] 1#1: using the "epoll" event method
2023/11/17 09:06:13 [notice] 1#1: nginx/1.20.2
2023/11/17 09:06:13 [notice] 1#1: built by gcc 10.2.1 20210110 (Debian 10.2.1-6) 
2023/11/17 09:06:13 [notice] 1#1: OS: Linux 6.5.0-10-generic
2023/11/17 09:06:13 [notice] 1#1: getrlimit(RLIMIT_NOFILE): 1048576:1048576
2023/11/17 09:06:13 [notice] 1#1: start worker processes
2023/11/17 09:06:13 [notice] 1#1: start worker process 30
2023/11/17 09:06:13 [notice] 1#1: start worker process 31
2023/11/17 09:06:13 [notice] 1#1: start worker process 32
2023/11/17 09:06:13 [notice] 1#1: start worker process 33
2023/11/17 09:06:13 [notice] 1#1: start worker process 34
2023/11/17 09:06:13 [notice] 1#1: start worker process 35
2023/11/17 09:06:13 [notice] 1#1: start worker process 36
2023/11/17 09:06:13 [notice] 1#1: start worker process 37
2023/11/17 09:06:13 [notice] 1#1: start worker process 38
2023/11/17 09:06:13 [notice] 1#1: start worker process 39
2023/11/17 09:06:13 [notice] 1#1: start worker process 40
2023/11/17 09:06:13 [notice] 1#1: start worker process 41
2023/11/17 09:46:39 [notice] 1#1: signal 3 (SIGQUIT) received, shutting down
2023/11/17 09:46:39 [notice] 30#30: gracefully shutting down
2023/11/17 09:46:39 [notice] 33#33: gracefully shutting down
2023/11/17 09:46:39 [notice] 32#32: gracefully shutting down
2023/11/17 09:46:39 [notice] 35#35: gracefully shutting down
2023/11/17 09:46:39 [notice] 34#34: gracefully shutting down
2023/11/17 09:46:39 [notice] 37#37: gracefully shutting down
2023/11/17 09:46:39 [notice] 36#36: gracefully shutting down
2023/11/17 09:46:39 [notice] 31#31: gracefully shutting down
2023/11/17 09:46:39 [notice] 39#39: gracefully shutting down
2023/11/17 09:46:39 [notice] 32#32: exiting
2023/11/17 09:46:39 [notice] 38#38: gracefully shutting down
2023/11/17 09:46:39 [notice] 30#30: exiting
2023/11/17 09:46:39 [notice] 40#40: gracefully shutting down
2023/11/17 09:46:39 [notice] 33#33: exiting
2023/11/17 09:46:39 [notice] 35#35: exiting
2023/11/17 09:46:39 [notice] 34#34: exiting
2023/11/17 09:46:39 [notice] 37#37: exiting
2023/11/17 09:46:39 [notice] 36#36: exiting
2023/11/17 09:46:39 [notice] 31#31: exiting
2023/11/17 09:46:39 [notice] 39#39: exiting
2023/11/17 09:46:39 [notice] 38#38: exiting
2023/11/17 09:46:39 [notice] 40#40: exiting
2023/11/17 09:46:39 [notice] 34#34: exit
2023/11/17 09:46:39 [notice] 33#33: exit
2023/11/17 09:46:39 [notice] 32#32: exit
2023/11/17 09:46:39 [notice] 30#30: exit
2023/11/17 09:46:39 [notice] 37#37: exit
2023/11/17 09:46:39 [notice] 36#36: exit
2023/11/17 09:46:39 [notice] 35#35: exit
2023/11/17 09:46:39 [notice] 31#31: exit
2023/11/17 09:46:39 [notice] 39#39: exit
2023/11/17 09:46:39 [notice] 38#38: exit
2023/11/17 09:46:39 [notice] 40#40: exit
2023/11/17 09:46:39 [notice] 41#41: gracefully shutting down
2023/11/17 09:46:39 [notice] 41#41: exiting
2023/11/17 09:46:39 [notice] 41#41: exit
2023/11/17 09:46:39 [notice] 1#1: signal 17 (SIGCHLD) received from 40
2023/11/17 09:46:39 [notice] 1#1: worker process 37 exited with code 0
2023/11/17 09:46:39 [notice] 1#1: worker process 40 exited with code 0
2023/11/17 09:46:39 [notice] 1#1: worker process 34 exited with code 0
2023/11/17 09:46:39 [notice] 1#1: signal 29 (SIGIO) received
2023/11/17 09:46:39 [notice] 1#1: signal 17 (SIGCHLD) received from 34
2023/11/17 09:46:39 [notice] 1#1: signal 17 (SIGCHLD) received from 31
2023/11/17 09:46:39 [notice] 1#1: worker process 31 exited with code 0
2023/11/17 09:46:39 [notice] 1#1: signal 29 (SIGIO) received
2023/11/17 09:46:39 [notice] 1#1: signal 17 (SIGCHLD) received from 30
2023/11/17 09:46:39 [notice] 1#1: worker process 30 exited with code 0
2023/11/17 09:46:39 [notice] 1#1: signal 29 (SIGIO) received
2023/11/17 09:46:39 [notice] 1#1: signal 17 (SIGCHLD) received from 36
2023/11/17 09:46:39 [notice] 1#1: worker process 36 exited with code 0
2023/11/17 09:46:39 [notice] 1#1: worker process 33 exited with code 0
2023/11/17 09:46:39 [notice] 1#1: worker process 38 exited with code 0
2023/11/17 09:46:39 [notice] 1#1: signal 29 (SIGIO) received
2023/11/17 09:46:39 [notice] 1#1: signal 17 (SIGCHLD) received from 33
2023/11/17 09:46:39 [notice] 1#1: signal 17 (SIGCHLD) received from 32
2023/11/17 09:46:39 [notice] 1#1: worker process 32 exited with code 0
2023/11/17 09:46:39 [notice] 1#1: signal 29 (SIGIO) received
2023/11/17 09:46:39 [notice] 1#1: signal 17 (SIGCHLD) received from 35
2023/11/17 09:46:39 [notice] 1#1: worker process 35 exited with code 0
2023/11/17 09:46:39 [notice] 1#1: signal 29 (SIGIO) received
2023/11/17 09:46:39 [notice] 1#1: signal 17 (SIGCHLD) received from 41
2023/11/17 09:46:39 [notice] 1#1: worker process 41 exited with code 0
2023/11/17 09:46:39 [notice] 1#1: signal 29 (SIGIO) received
2023/11/17 09:46:39 [notice] 1#1: signal 17 (SIGCHLD) received from 39
2023/11/17 09:46:39 [notice] 1#1: worker process 39 exited with code 0
2023/11/17 09:46:39 [notice] 1#1: exit
2023/11/17 09:46:53 [notice] 1#1: using the "epoll" event method
2023/11/17 09:46:53 [notice] 1#1: nginx/1.20.2
2023/11/17 09:46:53 [notice] 1#1: built by gcc 10.2.1 20210110 (Debian 10.2.1-6) 
2023/11/17 09:46:53 [notice] 1#1: OS: Linux 6.5.0-10-generic
2023/11/17 09:46:53 [notice] 1#1: getrlimit(RLIMIT_NOFILE): 1048576:1048576
2023/11/17 09:46:53 [notice] 1#1: start worker processes
2023/11/17 09:46:53 [notice] 1#1: start worker process 30
2023/11/17 09:46:53 [notice] 1#1: start worker process 31
2023/11/17 09:46:53 [notice] 1#1: start worker process 32
2023/11/17 09:46:53 [notice] 1#1: start worker process 33
2023/11/17 09:46:53 [notice] 1#1: start worker process 34
2023/11/17 09:46:53 [notice] 1#1: start worker process 35
2023/11/17 09:46:53 [notice] 1#1: start worker process 36
2023/11/17 09:46:53 [notice] 1#1: start worker process 37
2023/11/17 09:46:53 [notice] 1#1: start worker process 38
2023/11/17 09:46:53 [notice] 1#1: start worker process 39
2023/11/17 09:46:53 [notice] 1#1: start worker process 40
2023/11/17 09:46:53 [notice] 1#1: start worker process 41
2023/11/17 09:47:25 [notice] 1#1: signal 3 (SIGQUIT) received, shutting down
2023/11/17 09:47:25 [notice] 32#32: gracefully shutting down
2023/11/17 09:47:25 [notice] 36#36: gracefully shutting down
2023/11/17 09:47:25 [notice] 37#37: gracefully shutting down
2023/11/17 09:47:25 [notice] 32#32: exiting
2023/11/17 09:47:25 [notice] 33#33: gracefully shutting down
2023/11/17 09:47:25 [notice] 38#38: gracefully shutting down
2023/11/17 09:47:25 [notice] 35#35: gracefully shutting down
2023/11/17 09:47:25 [notice] 31#31: gracefully shutting down
2023/11/17 09:47:25 [notice] 36#36: exiting
2023/11/17 09:47:25 [notice] 30#30: gracefully shutting down
2023/11/17 09:47:25 [notice] 34#34: gracefully shutting down
2023/11/17 09:47:25 [notice] 39#39: gracefully shutting down
2023/11/17 09:47:25 [notice] 37#37: exiting
2023/11/17 09:47:25 [notice] 33#33: exiting
2023/11/17 09:47:25 [notice] 38#38: exiting
2023/11/17 09:47:25 [notice] 35#35: exiting
2023/11/17 09:47:25 [notice] 31#31: exiting
2023/11/17 09:47:25 [notice] 32#32: exit
2023/11/17 09:47:25 [notice] 30#30: exiting
2023/11/17 09:47:25 [notice] 34#34: exiting
2023/11/17 09:47:25 [notice] 36#36: exit
2023/11/17 09:47:25 [notice] 39#39: exiting
2023/11/17 09:47:25 [notice] 41#41: gracefully shutting down
2023/11/17 09:47:25 [notice] 41#41: exiting
2023/11/17 09:47:25 [notice] 35#35: exit
2023/11/17 09:47:25 [notice] 31#31: exit
2023/11/17 09:47:25 [notice] 37#37: exit
2023/11/17 09:47:25 [notice] 33#33: exit
2023/11/17 09:47:25 [notice] 34#34: exit
2023/11/17 09:47:25 [notice] 30#30: exit
2023/11/17 09:47:25 [notice] 39#39: exit
2023/11/17 09:47:25 [notice] 38#38: exit
2023/11/17 09:47:25 [notice] 41#41: exit
2023/11/17 09:47:25 [notice] 40#40: gracefully shutting down
2023/11/17 09:47:25 [notice] 40#40: exiting
2023/11/17 09:47:25 [notice] 40#40: exit
2023/11/17 09:47:25 [notice] 1#1: signal 17 (SIGCHLD) received from 31
2023/11/17 09:47:25 [notice] 1#1: worker process 31 exited with code 0
2023/11/17 09:47:25 [notice] 1#1: worker process 32 exited with code 0
2023/11/17 09:47:25 [notice] 1#1: signal 29 (SIGIO) received
2023/11/17 09:47:25 [notice] 1#1: signal 17 (SIGCHLD) received from 30
2023/11/17 09:47:25 [notice] 1#1: worker process 30 exited with code 0
2023/11/17 09:47:25 [notice] 1#1: signal 29 (SIGIO) received
2023/11/17 09:47:25 [notice] 1#1: signal 17 (SIGCHLD) received from 33
2023/11/17 09:47:25 [notice] 1#1: worker process 33 exited with code 0
2023/11/17 09:47:25 [notice] 1#1: worker process 37 exited with code 0
2023/11/17 09:47:25 [notice] 1#1: worker process 38 exited with code 0
2023/11/17 09:47:25 [notice] 1#1: signal 29 (SIGIO) received
2023/11/17 09:47:25 [notice] 1#1: signal 17 (SIGCHLD) received from 40
2023/11/17 09:47:25 [notice] 1#1: worker process 34 exited with code 0
2023/11/17 09:47:25 [notice] 1#1: worker process 36 exited with code 0
2023/11/17 09:47:25 [notice] 1#1: worker process 35 exited with code 0
2023/11/17 09:47:25 [notice] 1#1: worker process 39 exited with code 0
2023/11/17 09:47:25 [notice] 1#1: worker process 40 exited with code 0
2023/11/17 09:47:25 [notice] 1#1: worker process 41 exited with code 0
2023/11/17 09:47:25 [notice] 1#1: exit
2023/11/17 09:47:26 [notice] 1#1: using the "epoll" event method
2023/11/17 09:47:26 [notice] 1#1: nginx/1.20.2
2023/11/17 09:47:26 [notice] 1#1: built by gcc 10.2.1 20210110 (Debian 10.2.1-6) 
2023/11/17 09:47:26 [notice] 1#1: OS: Linux 6.5.0-10-generic
2023/11/17 09:47:26 [notice] 1#1: getrlimit(RLIMIT_NOFILE): 1048576:1048576
2023/11/17 09:47:26 [notice] 1#1: start worker processes
2023/11/17 09:47:26 [notice] 1#1: start worker process 30
2023/11/17 09:47:26 [notice] 1#1: start worker process 31
2023/11/17 09:47:26 [notice] 1#1: start worker process 32
2023/11/17 09:47:26 [notice] 1#1: start worker process 33
2023/11/17 09:47:26 [notice] 1#1: start worker process 34
2023/11/17 09:47:26 [notice] 1#1: start worker process 35
2023/11/17 09:47:26 [notice] 1#1: start worker process 36
2023/11/17 09:47:26 [notice] 1#1: start worker process 37
2023/11/17 09:47:26 [notice] 1#1: start worker process 38
2023/11/17 09:47:26 [notice] 1#1: start worker process 39
2023/11/17 09:47:26 [notice] 1#1: start worker process 40
2023/11/17 09:47:26 [notice] 1#1: start worker process 41
2023/11/17 09:54:53 [notice] 1#1: signal 3 (SIGQUIT) received, shutting down
2023/11/17 09:54:53 [notice] 31#31: gracefully shutting down
2023/11/17 09:54:53 [notice] 32#32: gracefully shutting down
2023/11/17 09:54:53 [notice] 36#36: gracefully shutting down
2023/11/17 09:54:53 [notice] 37#37: gracefully shutting down
2023/11/17 09:54:53 [notice] 31#31: exiting
2023/11/17 09:54:53 [notice] 33#33: gracefully shutting down
2023/11/17 09:54:53 [notice] 32#32: exiting
2023/11/17 09:54:53 [notice] 36#36: exiting
2023/11/17 09:54:53 [notice] 41#41: gracefully shutting down
2023/11/17 09:54:53 [notice] 37#37: exiting
2023/11/17 09:54:53 [notice] 33#33: exiting
2023/11/17 09:54:53 [notice] 41#41: exiting
2023/11/17 09:54:53 [notice] 36#36: exit
2023/11/17 09:54:53 [notice] 31#31: exit
2023/11/17 09:54:53 [notice] 32#32: exit
2023/11/17 09:54:53 [notice] 37#37: exit
2023/11/17 09:54:53 [notice] 33#33: exit
2023/11/17 09:54:53 [notice] 41#41: exit
2023/11/17 09:54:53 [notice] 39#39: gracefully shutting down
2023/11/17 09:54:53 [notice] 39#39: exiting
2023/11/17 09:54:53 [notice] 39#39: exit
2023/11/17 09:54:53 [notice] 35#35: gracefully shutting down
2023/11/17 09:54:53 [notice] 34#34: gracefully shutting down
2023/11/17 09:54:53 [notice] 30#30: gracefully shutting down
2023/11/17 09:54:53 [notice] 35#35: exiting
2023/11/17 09:54:53 [notice] 34#34: exiting
2023/11/17 09:54:53 [notice] 30#30: exiting
2023/11/17 09:54:53 [notice] 38#38: gracefully shutting down
2023/11/17 09:54:53 [notice] 30#30: exit
2023/11/17 09:54:53 [notice] 34#34: exit
2023/11/17 09:54:53 [notice] 40#40: gracefully shutting down
2023/11/17 09:54:53 [notice] 35#35: exit
2023/11/17 09:54:53 [notice] 38#38: exiting
2023/11/17 09:54:53 [notice] 40#40: exiting
2023/11/17 09:54:53 [notice] 38#38: exit
2023/11/17 09:54:53 [notice] 40#40: exit
2023/11/17 09:54:53 [notice] 1#1: signal 17 (SIGCHLD) received from 37
2023/11/17 09:54:53 [notice] 1#1: worker process 37 exited with code 0
2023/11/17 09:54:53 [notice] 1#1: signal 29 (SIGIO) received
2023/11/17 09:54:53 [notice] 1#1: signal 17 (SIGCHLD) received from 36
2023/11/17 09:54:53 [notice] 1#1: worker process 36 exited with code 0
2023/11/17 09:54:53 [notice] 1#1: signal 29 (SIGIO) received
2023/11/17 09:54:53 [notice] 1#1: signal 17 (SIGCHLD) received from 32
2023/11/17 09:54:53 [notice] 1#1: worker process 32 exited with code 0
2023/11/17 09:54:53 [notice] 1#1: signal 29 (SIGIO) received
2023/11/17 09:54:53 [notice] 1#1: signal 17 (SIGCHLD) received from 33
2023/11/17 09:54:53 [notice] 1#1: worker process 33 exited with code 0
2023/11/17 09:54:53 [notice] 1#1: signal 29 (SIGIO) received
2023/11/17 09:54:53 [notice] 1#1: signal 17 (SIGCHLD) received from 34
2023/11/17 09:54:53 [notice] 1#1: worker process 34 exited with code 0
2023/11/17 09:54:53 [notice] 1#1: signal 29 (SIGIO) received
2023/11/17 09:54:53 [notice] 1#1: signal 17 (SIGCHLD) received from 39
2023/11/17 09:54:53 [notice] 1#1: worker process 35 exited with code 0
2023/11/17 09:54:53 [notice] 1#1: worker process 39 exited with code 0
2023/11/17 09:54:53 [notice] 1#1: signal 17 (SIGCHLD) received from 35
2023/11/17 09:54:53 [notice] 1#1: signal 29 (SIGIO) received
2023/11/17 09:54:53 [notice] 1#1: signal 17 (SIGCHLD) received from 31
2023/11/17 09:54:53 [notice] 1#1: worker process 31 exited with code 0
2023/11/17 09:54:53 [notice] 1#1: signal 29 (SIGIO) received
2023/11/17 09:54:53 [notice] 1#1: signal 17 (SIGCHLD) received from 30
2023/11/17 09:54:53 [notice] 1#1: worker process 30 exited with code 0
2023/11/17 09:54:53 [notice] 1#1: signal 29 (SIGIO) received
2023/11/17 09:54:53 [notice] 1#1: signal 17 (SIGCHLD) received from 41
2023/11/17 09:54:53 [notice] 1#1: worker process 41 exited with code 0
2023/11/17 09:54:53 [notice] 1#1: signal 29 (SIGIO) received
2023/11/17 09:54:53 [notice] 1#1: signal 17 (SIGCHLD) received from 38
2023/11/17 09:54:53 [notice] 1#1: worker process 38 exited with code 0
2023/11/17 09:54:53 [notice] 1#1: signal 29 (SIGIO) received
2023/11/17 09:54:53 [notice] 1#1: signal 17 (SIGCHLD) received from 40
2023/11/17 09:54:53 [notice] 1#1: worker process 40 exited with code 0
2023/11/17 09:54:53 [notice] 1#1: exit
2023/11/17 09:54:59 [emerg] 1#1: host not found in upstream "php" in /etc/nginx/conf.d/default.conf:21
2023/11/17 09:55:16 [notice] 1#1: using the "epoll" event method
2023/11/17 09:55:16 [notice] 1#1: nginx/1.20.2
2023/11/17 09:55:16 [notice] 1#1: built by gcc 10.2.1 20210110 (Debian 10.2.1-6) 
2023/11/17 09:55:16 [notice] 1#1: OS: Linux 6.5.0-10-generic
2023/11/17 09:55:16 [notice] 1#1: getrlimit(RLIMIT_NOFILE): 1048576:1048576
2023/11/17 09:55:16 [notice] 1#1: start worker processes
2023/11/17 09:55:16 [notice] 1#1: start worker process 30
2023/11/17 09:55:16 [notice] 1#1: start worker process 31
2023/11/17 09:55:16 [notice] 1#1: start worker process 32
2023/11/17 09:55:16 [notice] 1#1: start worker process 33
2023/11/17 09:55:16 [notice] 1#1: start worker process 34
2023/11/17 09:55:16 [notice] 1#1: start worker process 35
2023/11/17 09:55:16 [notice] 1#1: start worker process 36
2023/11/17 09:55:16 [notice] 1#1: start worker process 37
2023/11/17 09:55:16 [notice] 1#1: start worker process 38
2023/11/17 09:55:16 [notice] 1#1: start worker process 39
2023/11/17 09:55:16 [notice] 1#1: start worker process 40
2023/11/17 09:55:16 [notice] 1#1: start worker process 41
2023/11/17 09:59:18 [notice] 1#1: signal 3 (SIGQUIT) received, shutting down
2023/11/17 09:59:18 [notice] 30#30: gracefully shutting down
2023/11/17 09:59:18 [notice] 31#31: gracefully shutting down
2023/11/17 09:59:18 [notice] 40#40: gracefully shutting down
2023/11/17 09:59:18 [notice] 32#32: gracefully shutting down
2023/11/17 09:59:18 [notice] 30#30: exiting
2023/11/17 09:59:18 [notice] 36#36: gracefully shutting down
2023/11/17 09:59:18 [notice] 31#31: exiting
2023/11/17 09:59:18 [notice] 32#32: exiting
2023/11/17 09:59:18 [notice] 40#40: exiting
2023/11/17 09:59:18 [notice] 36#36: exiting
2023/11/17 09:59:18 [notice] 30#30: exit
2023/11/17 09:59:18 [notice] 31#31: exit
2023/11/17 09:59:18 [notice] 32#32: exit
2023/11/17 09:59:18 [notice] 40#40: exit
2023/11/17 09:59:18 [notice] 36#36: exit
2023/11/17 09:59:18 [notice] 39#39: gracefully shutting down
2023/11/17 09:59:18 [notice] 33#33: gracefully shutting down
2023/11/17 09:59:18 [notice] 34#34: gracefully shutting down
2023/11/17 09:59:18 [notice] 39#39: exiting
2023/11/17 09:59:18 [notice] 33#33: exiting
2023/11/17 09:59:18 [notice] 34#34: exiting
2023/11/17 09:59:18 [notice] 39#39: exit
2023/11/17 09:59:18 [notice] 33#33: exit
2023/11/17 09:59:18 [notice] 34#34: exit
2023/11/17 09:59:18 [notice] 38#38: gracefully shutting down
2023/11/17 09:59:18 [notice] 38#38: exiting
2023/11/17 09:59:18 [notice] 38#38: exit
2023/11/17 09:59:18 [notice] 35#35: gracefully shutting down
2023/11/17 09:59:18 [notice] 35#35: exiting
2023/11/17 09:59:18 [notice] 37#37: gracefully shutting down
2023/11/17 09:59:18 [notice] 35#35: exit
2023/11/17 09:59:18 [notice] 41#41: gracefully shutting down
2023/11/17 09:59:18 [notice] 37#37: exiting
2023/11/17 09:59:18 [notice] 41#41: exiting
2023/11/17 09:59:18 [notice] 37#37: exit
2023/11/17 09:59:18 [notice] 41#41: exit
2023/11/17 09:59:18 [notice] 1#1: signal 17 (SIGCHLD) received from 38
2023/11/17 09:59:18 [notice] 1#1: worker process 38 exited with code 0
2023/11/17 09:59:18 [notice] 1#1: signal 29 (SIGIO) received
2023/11/17 09:59:18 [notice] 1#1: signal 17 (SIGCHLD) received from 41
2023/11/17 09:59:18 [notice] 1#1: worker process 41 exited with code 0
2023/11/17 09:59:18 [notice] 1#1: worker process 32 exited with code 0
2023/11/17 09:59:18 [notice] 1#1: worker process 34 exited with code 0
2023/11/17 09:59:18 [notice] 1#1: worker process 31 exited with code 0
2023/11/17 09:59:18 [notice] 1#1: worker process 35 exited with code 0
2023/11/17 09:59:18 [notice] 1#1: worker process 37 exited with code 0
2023/11/17 09:59:18 [notice] 1#1: worker process 39 exited with code 0
2023/11/17 09:59:18 [notice] 1#1: worker process 30 exited with code 0
2023/11/17 09:59:18 [notice] 1#1: worker process 40 exited with code 0
2023/11/17 09:59:18 [notice] 1#1: signal 29 (SIGIO) received
2023/11/17 09:59:18 [notice] 1#1: signal 17 (SIGCHLD) received from 32
2023/11/17 09:59:18 [notice] 1#1: worker process 33 exited with code 0
2023/11/17 09:59:18 [notice] 1#1: signal 29 (SIGIO) received
2023/11/17 09:59:18 [notice] 1#1: signal 17 (SIGCHLD) received from 36
2023/11/17 09:59:18 [notice] 1#1: worker process 36 exited with code 0
2023/11/17 09:59:18 [notice] 1#1: exit
2023/11/17 10:00:06 [notice] 1#1: using the "epoll" event method
2023/11/17 10:00:06 [notice] 1#1: nginx/1.20.2
2023/11/17 10:00:06 [notice] 1#1: built by gcc 10.2.1 20210110 (Debian 10.2.1-6) 
2023/11/17 10:00:06 [notice] 1#1: OS: Linux 6.5.0-10-generic
2023/11/17 10:00:06 [notice] 1#1: getrlimit(RLIMIT_NOFILE): 1048576:1048576
2023/11/17 10:00:06 [notice] 1#1: start worker processes
2023/11/17 10:00:06 [notice] 1#1: start worker process 30
2023/11/17 10:00:06 [notice] 1#1: start worker process 31
2023/11/17 10:00:06 [notice] 1#1: start worker process 32
2023/11/17 10:00:06 [notice] 1#1: start worker process 33
2023/11/17 10:00:06 [notice] 1#1: start worker process 34
2023/11/17 10:00:06 [notice] 1#1: start worker process 35
2023/11/17 10:00:06 [notice] 1#1: start worker process 36
2023/11/17 10:00:06 [notice] 1#1: start worker process 37
2023/11/17 10:00:06 [notice] 1#1: start worker process 38
2023/11/17 10:00:06 [notice] 1#1: start worker process 39
2023/11/17 10:00:06 [notice] 1#1: start worker process 40
2023/11/17 10:00:06 [notice] 1#1: start worker process 41
2023/11/17 10:06:21 [notice] 1#1: signal 3 (SIGQUIT) received, shutting down
2023/11/17 10:06:21 [notice] 30#30: gracefully shutting down
2023/11/17 10:06:21 [notice] 31#31: gracefully shutting down
2023/11/17 10:06:21 [notice] 30#30: exiting
2023/11/17 10:06:21 [notice] 36#36: gracefully shutting down
2023/11/17 10:06:21 [notice] 39#39: gracefully shutting down
2023/11/17 10:06:21 [notice] 41#41: gracefully shutting down
2023/11/17 10:06:21 [notice] 31#31: exiting
2023/11/17 10:06:21 [notice] 36#36: exiting
2023/11/17 10:06:21 [notice] 33#33: gracefully shutting down
2023/11/17 10:06:21 [notice] 39#39: exiting
2023/11/17 10:06:21 [notice] 41#41: exiting
2023/11/17 10:06:21 [notice] 37#37: gracefully shutting down
2023/11/17 10:06:21 [notice] 30#30: exit
2023/11/17 10:06:21 [notice] 33#33: exiting
2023/11/17 10:06:21 [notice] 31#31: exit
2023/11/17 10:06:21 [notice] 36#36: exit
2023/11/17 10:06:21 [notice] 37#37: exiting
2023/11/17 10:06:21 [notice] 39#39: exit
2023/11/17 10:06:21 [notice] 41#41: exit
2023/11/17 10:06:21 [notice] 33#33: exit
2023/11/17 10:06:21 [notice] 37#37: exit
2023/11/17 10:06:21 [notice] 38#38: gracefully shutting down
2023/11/17 10:06:21 [notice] 38#38: exiting
2023/11/17 10:06:21 [notice] 32#32: gracefully shutting down
2023/11/17 10:06:21 [notice] 32#32: exiting
2023/11/17 10:06:21 [notice] 38#38: exit
2023/11/17 10:06:21 [notice] 32#32: exit
2023/11/17 10:06:21 [notice] 34#34: gracefully shutting down
2023/11/17 10:06:21 [notice] 34#34: exiting
2023/11/17 10:06:21 [notice] 34#34: exit
2023/11/17 10:06:21 [notice] 35#35: gracefully shutting down
2023/11/17 10:06:21 [notice] 35#35: exiting
2023/11/17 10:06:21 [notice] 35#35: exit
2023/11/17 10:06:21 [notice] 40#40: gracefully shutting down
2023/11/17 10:06:21 [notice] 40#40: exiting
2023/11/17 10:06:21 [notice] 40#40: exit
2023/11/17 10:06:21 [notice] 1#1: signal 17 (SIGCHLD) received from 31
2023/11/17 10:06:21 [notice] 1#1: worker process 31 exited with code 0
2023/11/17 10:06:21 [notice] 1#1: worker process 36 exited with code 0
2023/11/17 10:06:21 [notice] 1#1: signal 29 (SIGIO) received
2023/11/17 10:06:21 [notice] 1#1: signal 17 (SIGCHLD) received from 37
2023/11/17 10:06:21 [notice] 1#1: worker process 37 exited with code 0
2023/11/17 10:06:21 [notice] 1#1: worker process 41 exited with code 0
2023/11/17 10:06:21 [notice] 1#1: worker process 34 exited with code 0
2023/11/17 10:06:21 [notice] 1#1: worker process 39 exited with code 0
2023/11/17 10:06:21 [notice] 1#1: signal 29 (SIGIO) received
2023/11/17 10:06:21 [notice] 1#1: signal 17 (SIGCHLD) received from 41
2023/11/17 10:06:21 [notice] 1#1: signal 17 (SIGCHLD) received from 33
2023/11/17 10:06:21 [notice] 1#1: worker process 33 exited with code 0
2023/11/17 10:06:21 [notice] 1#1: signal 29 (SIGIO) received
2023/11/17 10:06:21 [notice] 1#1: signal 17 (SIGCHLD) received from 38
2023/11/17 10:06:21 [notice] 1#1: worker process 30 exited with code 0
2023/11/17 10:06:21 [notice] 1#1: worker process 38 exited with code 0
2023/11/17 10:06:21 [notice] 1#1: signal 29 (SIGIO) received
2023/11/17 10:06:21 [notice] 1#1: signal 17 (SIGCHLD) received from 30
2023/11/17 10:06:21 [notice] 1#1: signal 17 (SIGCHLD) received from 40
2023/11/17 10:06:21 [notice] 1#1: worker process 40 exited with code 0
2023/11/17 10:06:21 [notice] 1#1: signal 29 (SIGIO) received
2023/11/17 10:06:21 [notice] 1#1: signal 17 (SIGCHLD) received from 35
2023/11/17 10:06:21 [notice] 1#1: worker process 32 exited with code 0
2023/11/17 10:06:21 [notice] 1#1: worker process 35 exited with code 0
2023/11/17 10:06:21 [notice] 1#1: exit
2023/11/17 10:07:35 [notice] 1#1: using the "epoll" event method
2023/11/17 10:07:35 [notice] 1#1: nginx/1.20.2
2023/11/17 10:07:35 [notice] 1#1: built by gcc 10.2.1 20210110 (Debian 10.2.1-6) 
2023/11/17 10:07:35 [notice] 1#1: OS: Linux 6.5.0-10-generic
2023/11/17 10:07:35 [notice] 1#1: getrlimit(RLIMIT_NOFILE): 1048576:1048576
2023/11/17 10:07:35 [notice] 1#1: start worker processes
2023/11/17 10:07:35 [notice] 1#1: start worker process 30
2023/11/17 10:07:35 [notice] 1#1: start worker process 31
2023/11/17 10:07:35 [notice] 1#1: start worker process 32
2023/11/17 10:07:35 [notice] 1#1: start worker process 33
2023/11/17 10:07:35 [notice] 1#1: start worker process 34
2023/11/17 10:07:35 [notice] 1#1: start worker process 35
2023/11/17 10:07:35 [notice] 1#1: start worker process 36
2023/11/17 10:07:35 [notice] 1#1: start worker process 37
2023/11/17 10:07:35 [notice] 1#1: start worker process 38
2023/11/17 10:07:35 [notice] 1#1: start worker process 39
2023/11/17 10:07:35 [notice] 1#1: start worker process 40
2023/11/17 10:07:35 [notice] 1#1: start worker process 41
2023/11/17 10:07:44 [error] 30#30: *1 directory index of "/var/www/html/dream-2/" is forbidden, client: 172.19.0.1, server: , request: "GET /dream-2/ HTTP/1.1", host: "localhost:8080"
2023/11/17 10:08:14 [notice] 1#1: signal 3 (SIGQUIT) received, shutting down
2023/11/17 10:08:14 [notice] 30#30: gracefully shutting down
2023/11/17 10:08:14 [notice] 31#31: gracefully shutting down
2023/11/17 10:08:14 [notice] 32#32: gracefully shutting down
2023/11/17 10:08:14 [notice] 33#33: gracefully shutting down
2023/11/17 10:08:14 [notice] 34#34: gracefully shutting down
2023/11/17 10:08:14 [notice] 36#36: gracefully shutting down
2023/11/17 10:08:14 [notice] 35#35: gracefully shutting down
2023/11/17 10:08:14 [notice] 38#38: gracefully shutting down
2023/11/17 10:08:14 [notice] 37#37: gracefully shutting down
2023/11/17 10:08:14 [notice] 31#31: exiting
2023/11/17 10:08:14 [notice] 32#32: exiting
2023/11/17 10:08:14 [notice] 39#39: gracefully shutting down
2023/11/17 10:08:14 [notice] 33#33: exiting
2023/11/17 10:08:14 [notice] 34#34: exiting
2023/11/17 10:08:14 [notice] 36#36: exiting
2023/11/17 10:08:14 [notice] 35#35: exiting
2023/11/17 10:08:14 [notice] 38#38: exiting
2023/11/17 10:08:14 [notice] 37#37: exiting
2023/11/17 10:08:14 [notice] 39#39: exiting
2023/11/17 10:08:14 [notice] 30#30: exiting
2023/11/17 10:08:14 [notice] 33#33: exit
2023/11/17 10:08:14 [notice] 32#32: exit
2023/11/17 10:08:14 [notice] 36#36: exit
2023/11/17 10:08:14 [notice] 31#31: exit
2023/11/17 10:08:14 [notice] 38#38: exit
2023/11/17 10:08:14 [notice] 35#35: exit
2023/11/17 10:08:14 [notice] 34#34: exit
2023/11/17 10:08:14 [notice] 37#37: exit
2023/11/17 10:08:14 [notice] 39#39: exit
2023/11/17 10:08:14 [notice] 30#30: exit
2023/11/17 10:08:14 [notice] 40#40: gracefully shutting down
2023/11/17 10:08:14 [notice] 41#41: gracefully shutting down
2023/11/17 10:08:14 [notice] 40#40: exiting
2023/11/17 10:08:14 [notice] 41#41: exiting
2023/11/17 10:08:14 [notice] 40#40: exit
2023/11/17 10:08:14 [notice] 41#41: exit
2023/11/17 10:08:14 [notice] 1#1: signal 17 (SIGCHLD) received from 30
2023/11/17 10:08:14 [notice] 1#1: worker process 30 exited with code 0
2023/11/17 10:08:14 [notice] 1#1: signal 29 (SIGIO) received
2023/11/17 10:08:14 [notice] 1#1: signal 17 (SIGCHLD) received from 35
2023/11/17 10:08:14 [notice] 1#1: worker process 32 exited with code 0
2023/11/17 10:08:14 [notice] 1#1: worker process 35 exited with code 0
2023/11/17 10:08:14 [notice] 1#1: signal 29 (SIGIO) received
2023/11/17 10:08:14 [notice] 1#1: signal 17 (SIGCHLD) received from 33
2023/11/17 10:08:14 [notice] 1#1: worker process 31 exited with code 0
2023/11/17 10:08:14 [notice] 1#1: worker process 33 exited with code 0
2023/11/17 10:08:14 [notice] 1#1: signal 29 (SIGIO) received
2023/11/17 10:08:14 [notice] 1#1: signal 17 (SIGCHLD) received from 40
2023/11/17 10:08:14 [notice] 1#1: worker process 39 exited with code 0
2023/11/17 10:08:14 [notice] 1#1: worker process 40 exited with code 0
2023/11/17 10:08:14 [notice] 1#1: signal 29 (SIGIO) received
2023/11/17 10:08:14 [notice] 1#1: signal 17 (SIGCHLD) received from 38
2023/11/17 10:08:14 [notice] 1#1: worker process 37 exited with code 0
2023/11/17 10:08:14 [notice] 1#1: worker process 38 exited with code 0
2023/11/17 10:08:14 [notice] 1#1: worker process 41 exited with code 0
2023/11/17 10:08:14 [notice] 1#1: signal 29 (SIGIO) received
2023/11/17 10:08:14 [notice] 1#1: signal 17 (SIGCHLD) received from 37
2023/11/17 10:08:14 [notice] 1#1: signal 17 (SIGCHLD) received from 34
2023/11/17 10:08:14 [notice] 1#1: worker process 34 exited with code 0
2023/11/17 10:08:14 [notice] 1#1: worker process 36 exited with code 0
2023/11/17 10:08:14 [notice] 1#1: exit
2023/11/17 10:08:37 [notice] 1#1: using the "epoll" event method
2023/11/17 10:08:37 [notice] 1#1: nginx/1.20.2
2023/11/17 10:08:37 [notice] 1#1: built by gcc 10.2.1 20210110 (Debian 10.2.1-6) 
2023/11/17 10:08:37 [notice] 1#1: OS: Linux 6.5.0-10-generic
2023/11/17 10:08:37 [notice] 1#1: getrlimit(RLIMIT_NOFILE): 1048576:1048576
2023/11/17 10:08:37 [notice] 1#1: start worker processes
2023/11/17 10:08:37 [notice] 1#1: start worker process 30
2023/11/17 10:08:37 [notice] 1#1: start worker process 31
2023/11/17 10:08:37 [notice] 1#1: start worker process 32
2023/11/17 10:08:37 [notice] 1#1: start worker process 33
2023/11/17 10:08:37 [notice] 1#1: start worker process 34
2023/11/17 10:08:37 [notice] 1#1: start worker process 35
2023/11/17 10:08:37 [notice] 1#1: start worker process 36
2023/11/17 10:08:37 [notice] 1#1: start worker process 37
2023/11/17 10:08:37 [notice] 1#1: start worker process 38
2023/11/17 10:08:37 [notice] 1#1: start worker process 39
2023/11/17 10:08:37 [notice] 1#1: start worker process 40
2023/11/17 10:08:37 [notice] 1#1: start worker process 41
2023/11/17 10:10:28 [notice] 1#1: signal 3 (SIGQUIT) received, shutting down
2023/11/17 10:10:28 [notice] 30#30: gracefully shutting down
2023/11/17 10:10:28 [notice] 31#31: gracefully shutting down
2023/11/17 10:10:28 [notice] 30#30: exiting
2023/11/17 10:10:28 [notice] 32#32: gracefully shutting down
2023/11/17 10:10:28 [notice] 31#31: exiting
2023/11/17 10:10:28 [notice] 32#32: exiting
2023/11/17 10:10:28 [notice] 33#33: gracefully shutting down
2023/11/17 10:10:28 [notice] 34#34: gracefully shutting down
2023/11/17 10:10:28 [notice] 30#30: exit
2023/11/17 10:10:28 [notice] 35#35: gracefully shutting down
2023/11/17 10:10:28 [notice] 31#31: exit
2023/11/17 10:10:28 [notice] 32#32: exit
2023/11/17 10:10:28 [notice] 33#33: exiting
2023/11/17 10:10:28 [notice] 34#34: exiting
2023/11/17 10:10:28 [notice] 35#35: exiting
2023/11/17 10:10:28 [notice] 33#33: exit
2023/11/17 10:10:28 [notice] 34#34: exit
2023/11/17 10:10:28 [notice] 35#35: exit
2023/11/17 10:10:28 [notice] 36#36: gracefully shutting down
2023/11/17 10:10:28 [notice] 36#36: exiting
2023/11/17 10:10:28 [notice] 36#36: exit
2023/11/17 10:10:28 [notice] 37#37: gracefully shutting down
2023/11/17 10:10:28 [notice] 38#38: gracefully shutting down
2023/11/17 10:10:28 [notice] 37#37: exiting
2023/11/17 10:10:28 [notice] 39#39: gracefully shutting down
2023/11/17 10:10:28 [notice] 38#38: exiting
2023/11/17 10:10:28 [notice] 40#40: gracefully shutting down
2023/11/17 10:10:28 [notice] 39#39: exiting
2023/11/17 10:10:28 [notice] 37#37: exit
2023/11/17 10:10:28 [notice] 40#40: exiting
2023/11/17 10:10:28 [notice] 38#38: exit
2023/11/17 10:10:28 [notice] 39#39: exit
2023/11/17 10:10:28 [notice] 40#40: exit
2023/11/17 10:10:28 [notice] 41#41: gracefully shutting down
2023/11/17 10:10:28 [notice] 41#41: exiting
2023/11/17 10:10:28 [notice] 41#41: exit
2023/11/17 10:10:28 [notice] 1#1: signal 17 (SIGCHLD) received from 35
2023/11/17 10:10:28 [notice] 1#1: worker process 35 exited with code 0
2023/11/17 10:10:28 [notice] 1#1: signal 29 (SIGIO) received
2023/11/17 10:10:28 [notice] 1#1: signal 17 (SIGCHLD) received from 38
2023/11/17 10:10:28 [notice] 1#1: worker process 38 exited with code 0
2023/11/17 10:10:28 [notice] 1#1: worker process 31 exited with code 0
2023/11/17 10:10:28 [notice] 1#1: worker process 40 exited with code 0
2023/11/17 10:10:28 [notice] 1#1: worker process 32 exited with code 0
2023/11/17 10:10:28 [notice] 1#1: worker process 41 exited with code 0
2023/11/17 10:10:28 [notice] 1#1: signal 29 (SIGIO) received
2023/11/17 10:10:28 [notice] 1#1: signal 17 (SIGCHLD) received from 31
2023/11/17 10:10:28 [notice] 1#1: signal 17 (SIGCHLD) received from 36
2023/11/17 10:10:28 [notice] 1#1: worker process 36 exited with code 0
2023/11/17 10:10:28 [notice] 1#1: signal 29 (SIGIO) received
2023/11/17 10:10:28 [notice] 1#1: signal 17 (SIGCHLD) received from 33
2023/11/17 10:10:28 [notice] 1#1: worker process 30 exited with code 0
2023/11/17 10:10:28 [notice] 1#1: worker process 33 exited with code 0
2023/11/17 10:10:28 [notice] 1#1: signal 29 (SIGIO) received
2023/11/17 10:10:28 [notice] 1#1: signal 17 (SIGCHLD) received from 39
2023/11/17 10:10:28 [notice] 1#1: worker process 34 exited with code 0
2023/11/17 10:10:28 [notice] 1#1: worker process 39 exited with code 0
2023/11/17 10:10:28 [notice] 1#1: signal 29 (SIGIO) received
2023/11/17 10:10:28 [notice] 1#1: signal 17 (SIGCHLD) received from 34
2023/11/17 10:10:28 [notice] 1#1: signal 17 (SIGCHLD) received from 37
2023/11/17 10:10:28 [notice] 1#1: worker process 37 exited with code 0
2023/11/17 10:10:28 [notice] 1#1: exit
2023/11/17 10:10:57 [notice] 1#1: using the "epoll" event method
2023/11/17 10:10:57 [notice] 1#1: nginx/1.20.2
2023/11/17 10:10:57 [notice] 1#1: built by gcc 10.2.1 20210110 (Debian 10.2.1-6) 
2023/11/17 10:10:57 [notice] 1#1: OS: Linux 6.5.0-10-generic
2023/11/17 10:10:57 [notice] 1#1: getrlimit(RLIMIT_NOFILE): 1048576:1048576
2023/11/17 10:10:57 [notice] 1#1: start worker processes
2023/11/17 10:10:57 [notice] 1#1: start worker process 30
2023/11/17 10:10:57 [notice] 1#1: start worker process 31
2023/11/17 10:10:57 [notice] 1#1: start worker process 32
2023/11/17 10:10:57 [notice] 1#1: start worker process 33
2023/11/17 10:10:57 [notice] 1#1: start worker process 34
2023/11/17 10:10:57 [notice] 1#1: start worker process 35
2023/11/17 10:10:57 [notice] 1#1: start worker process 36
2023/11/17 10:10:57 [notice] 1#1: start worker process 37
2023/11/17 10:10:57 [notice] 1#1: start worker process 38
2023/11/17 10:10:57 [notice] 1#1: start worker process 39
2023/11/17 10:10:57 [notice] 1#1: start worker process 40
2023/11/17 10:10:57 [notice] 1#1: start worker process 41
